13:26:47 INFO  : Registering command handlers for SDK TCF services
13:26:49 INFO  : Launching XSCT server: xsct.bat -interactive D:\1_EE5332\assignment_3\perf_ctr\perf_ctr.sdk\temp_xsdb_launch_script.tcl
13:26:58 INFO  : XSCT server has started successfully.
13:27:10 INFO  : Successfully done setting XSCT server connection channel  
13:27:10 INFO  : Successfully done setting SDK workspace  
13:27:10 INFO  : Processing command line option -hwspec D:/1_EE5332/assignment_3/perf_ctr/perf_ctr.sdk/mb_wrapper.hdf.
14:37:00 INFO  : Connected to target on host '127.0.0.1' and port '3121'.
14:37:03 INFO  : 'targets -set -filter {jtag_cable_name =~ "Digilent Basys3 210183A27B39A" && level==0} -index 0' command is executed.
14:37:04 INFO  : FPGA configured successfully with bitstream "D:/1_EE5332/assignment_3/perf_ctr/perf_ctr.sdk/mb_wrapper_hw_platform_0/download.bit"
14:37:36 INFO  : 'targets -set -filter {jtag_cable_name =~ "Digilent Basys3 210183A27B39A" && level==0} -index 0' command is executed.
14:37:36 INFO  : 'fpga -state' command is executed.
14:37:36 INFO  : Connected to target on host '127.0.0.1' and port '3121'.
14:37:36 INFO  : Jtag cable 'Digilent Basys3 210183A27B39A' is selected.
14:37:36 INFO  : 'jtag frequency' command is executed.
14:37:36 INFO  : 'configparams mdm-detect-bscan-mask 2' command is executed.
14:37:37 INFO  : Context for processor 'microblaze_0' is selected.
14:37:37 INFO  : Processor reset is completed for 'microblaze_0'.
14:37:37 INFO  : Context for processor 'microblaze_0' is selected.
14:37:37 INFO  : The application 'D:/1_EE5332/assignment_3/perf_ctr/perf_ctr.sdk/dct_perf/Debug/dct_perf.elf' is downloaded to processor 'microblaze_0'.
14:37:37 INFO  : ----------------XSDB Script----------------
connect -url tcp:127.0.0.1:3121
configparams mdm-detect-bscan-mask 2
targets -set -nocase -filter {name =~ "microblaze*#0" && bscan=="USER2"  && jtag_cable_name =~ "Digilent Basys3 210183A27B39A"} -index 0
rst -processor
targets -set -nocase -filter {name =~ "microblaze*#0" && bscan=="USER2"  && jtag_cable_name =~ "Digilent Basys3 210183A27B39A"} -index 0
dow D:/1_EE5332/assignment_3/perf_ctr/perf_ctr.sdk/dct_perf/Debug/dct_perf.elf
----------------End of Script----------------

14:37:37 INFO  : Memory regions updated for context MicroBlaze #0
14:37:37 INFO  : Memory regions updated for context MicroBlaze #0
14:37:37 INFO  : Context for processor 'microblaze_0' is selected.
14:37:37 INFO  : 'con' command is executed.
14:37:37 INFO  : ----------------XSDB Script (After Launch)----------------
targets -set -nocase -filter {name =~ "microblaze*#0" && bscan=="USER2"  && jtag_cable_name =~ "Digilent Basys3 210183A27B39A"} -index 0
con
----------------End of Script----------------

14:37:37 INFO  : Launch script is exported to file 'D:\1_EE5332\assignment_3\perf_ctr\perf_ctr.sdk\.sdk\launch_scripts\xilinx_c-c++_application_(system_debugger)\system_debugger_using_debug_dct_perf.elf_on_local.tcl'
14:38:14 INFO  : Disconnected from the channel tcfchan#1.
14:40:00 INFO  : 'targets -set -filter {jtag_cable_name =~ "Digilent Basys3 210183A27B39A" && level==0} -index 0' command is executed.
14:40:00 INFO  : 'fpga -state' command is executed.
14:40:00 INFO  : Connected to target on host '127.0.0.1' and port '3121'.
14:40:01 INFO  : Jtag cable 'Digilent Basys3 210183A27B39A' is selected.
14:40:01 INFO  : 'jtag frequency' command is executed.
14:40:01 INFO  : 'configparams mdm-detect-bscan-mask 2' command is executed.
14:40:01 INFO  : Context for processor 'microblaze_0' is selected.
14:40:01 INFO  : Processor reset is completed for 'microblaze_0'.
14:40:01 INFO  : Context for processor 'microblaze_0' is selected.
14:40:01 INFO  : The application 'D:/1_EE5332/assignment_3/perf_ctr/perf_ctr.sdk/dct_perf/Debug/dct_perf.elf' is downloaded to processor 'microblaze_0'.
14:40:01 INFO  : ----------------XSDB Script----------------
connect -url tcp:127.0.0.1:3121
configparams mdm-detect-bscan-mask 2
targets -set -nocase -filter {name =~ "microblaze*#0" && bscan=="USER2"  && jtag_cable_name =~ "Digilent Basys3 210183A27B39A"} -index 0
rst -processor
targets -set -nocase -filter {name =~ "microblaze*#0" && bscan=="USER2"  && jtag_cable_name =~ "Digilent Basys3 210183A27B39A"} -index 0
dow D:/1_EE5332/assignment_3/perf_ctr/perf_ctr.sdk/dct_perf/Debug/dct_perf.elf
----------------End of Script----------------

14:40:01 INFO  : Memory regions updated for context MicroBlaze #0
14:40:01 INFO  : Memory regions updated for context MicroBlaze #0
14:40:02 INFO  : Context for processor 'microblaze_0' is selected.
14:40:02 INFO  : 'con' command is executed.
14:40:02 INFO  : ----------------XSDB Script (After Launch)----------------
targets -set -nocase -filter {name =~ "microblaze*#0" && bscan=="USER2"  && jtag_cable_name =~ "Digilent Basys3 210183A27B39A"} -index 0
con
----------------End of Script----------------

14:40:02 INFO  : Launch script is exported to file 'D:\1_EE5332\assignment_3\perf_ctr\perf_ctr.sdk\.sdk\launch_scripts\xilinx_c-c++_application_(system_debugger)\system_debugger_using_debug_dct_perf.elf_on_local.tcl'
14:59:08 INFO  : Disconnected from the channel tcfchan#2.
