#-----------------------------------------------------------
# Webtalk v2018.2 (64-bit)
# SW Build 2258646 on Thu Jun 14 20:03:12 MDT 2018
# 
# Start of session at: Mon Feb 17 23:09:48 2020
# Process ID: 1120
# Current directory: D:/1_EE5332/assignment_2/perf_ctr/perf_ctr.sdk/webtalk
# Command line: wbtcv.exe -mode batch -source sdk_webtalk.tcl
# Log file: D:/1_EE5332/assignment_2/perf_ctr/perf_ctr.sdk/webtalk/webtalk.log
# Journal file: D:/1_EE5332/assignment_2/perf_ctr/perf_ctr.sdk/webtalk\webtalk.jou
#-----------------------------------------------------------
source sdk_webtalk.tcl
# webtalk_init -webtalk_dir D:\\1_EE5332\\assignment_2\\perf_ctr\\perf_ctr.sdk\\webtalk
# webtalk_register_client -client project
# webtalk_add_data -client project -key date_generated -value "2020-02-17 23:09:45" -context "software_version_and_target_device"
# webtalk_add_data -client project -key product_version -value "SDK v2018.2" -context "software_version_and_target_device"
# webtalk_add_data -client project -key build_version -value "2018.2" -context "software_version_and_target_device"
# webtalk_add_data -client project -key os_platform -value "amd64" -context "software_version_and_target_device"
# webtalk_add_data -client project -key registration_id -value "211070407_1777530746_210681399_242" -context "software_version_and_target_device"
# webtalk_add_data -client project -key tool_flow -value "SDK" -context "software_version_and_target_device"
# webtalk_add_data -client project -key beta -value "false" -context "software_version_and_target_device"
# webtalk_add_data -client project -key route_design -value "NA" -context "software_version_and_target_device"
# webtalk_add_data -client project -key target_family -value "NA" -context "software_version_and_target_device"
# webtalk_add_data -client project -key target_device -value "NA" -context "software_version_and_target_device"
# webtalk_add_data -client project -key target_package -value "NA" -context "software_version_and_target_device"
# webtalk_add_data -client project -key target_speed -value "NA" -context "software_version_and_target_device"
# webtalk_add_data -client project -key random_id -value "2vudth898s1j4mmube07ndli3s" -context "software_version_and_target_device"
# webtalk_add_data -client project -key project_id -value "2018.2_1" -context "software_version_and_target_device"
# webtalk_add_data -client project -key project_iteration -value "1" -context "software_version_and_target_device"
# webtalk_add_data -client project -key os_name -value "Microsoft Windows 8 or later , 64-bit" -context "user_environment"
# webtalk_add_data -client project -key os_release -value "major release  (build 9200)" -context "user_environment"
# webtalk_add_data -client project -key cpu_name -value "Intel(R) Core(TM) i7-7700HQ CPU @ 2.80GHz" -context "user_environment"
# webtalk_add_data -client project -key cpu_speed -value "2808 MHz" -context "user_environment"
# webtalk_add_data -client project -key total_processors -value "1" -context "user_environment"
# webtalk_add_data -client project -key system_ram -value "8.470 GB" -context "user_environment"
# webtalk_register_client -client sdk
# webtalk_add_data -client sdk -key uid -value "1581961167470" -context "sdk\\\\hardware/1581961167470"
# webtalk_add_data -client sdk -key isZynq -value "true" -context "sdk\\\\hardware/1581961167470"
# webtalk_add_data -client sdk -key isZynqMP -value "false" -context "sdk\\\\hardware/1581961167470"
# webtalk_add_data -client sdk -key Processors -value "1" -context "sdk\\\\hardware/1581961167470"
# webtalk_add_data -client sdk -key VivadoVersion -value "2018.2" -context "sdk\\\\hardware/1581961167470"
# webtalk_add_data -client sdk -key Arch -value "zynq" -context "sdk\\\\hardware/1581961167470"
# webtalk_add_data -client sdk -key Device -value "7z010" -context "sdk\\\\hardware/1581961167470"
# webtalk_add_data -client sdk -key IsHandoff -value "true" -context "sdk\\\\hardware/1581961167470"
# webtalk_add_data -client sdk -key os -value "NA" -context "sdk\\\\hardware/1581961167470"
# webtalk_add_data -client sdk -key apptemplate -value "NA" -context "sdk\\\\hardware/1581961167470"
# webtalk_add_data -client sdk -key RecordType -value "HWCreation" -context "sdk\\\\hardware/1581961167470"
# webtalk_add_data -client sdk -key uid -value "NA" -context "sdk\\\\bsp/1581961185222"
# webtalk_add_data -client sdk -key RecordType -value "ToolUsage" -context "sdk\\\\bsp/1581961185222"
# webtalk_add_data -client sdk -key BootgenCount -value "0" -context "sdk\\\\bsp/1581961185222"
# webtalk_add_data -client sdk -key DebugCount -value "0" -context "sdk\\\\bsp/1581961185222"
# webtalk_add_data -client sdk -key PerfCount -value "0" -context "sdk\\\\bsp/1581961185222"
# webtalk_add_data -client sdk -key FlashCount -value "0" -context "sdk\\\\bsp/1581961185222"
# webtalk_add_data -client sdk -key CrossTriggCount -value "0" -context "sdk\\\\bsp/1581961185222"
# webtalk_add_data -client sdk -key QemuDebugCount -value "0" -context "sdk\\\\bsp/1581961185222"
# webtalk_transmit -clientid 2358263737 -regid "211070407_1777530746_210681399_242" -xml D:\\1_EE5332\\assignment_2\\perf_ctr\\perf_ctr.sdk\\webtalk\\usage_statistics_ext_sdk.xml -html D:\\1_EE5332\\assignment_2\\perf_ctr\\perf_ctr.sdk\\webtalk\\usage_statistics_ext_sdk.html -wdm D:\\1_EE5332\\assignment_2\\perf_ctr\\perf_ctr.sdk\\webtalk\\sdk_webtalk.wdm -intro "<H3>SDK Usage Report</H3><BR>"
# webtalk_terminate
INFO: [Common 17-206] Exiting Webtalk at Mon Feb 17 23:09:48 2020...
