#-----------------------------------------------------------
# Vivado v2018.2 (64-bit)
# SW Build 2258646 on Thu Jun 14 20:03:12 MDT 2018
# IP Build 2256618 on Thu Jun 14 22:10:49 MDT 2018
# Start of session at: Thu Mar  5 11:41:32 2020
# Process ID: 15860
# Current directory: D:/1_EE5332/assignment_3/dct/solution1/impl/ip
# Command line: vivado.exe -notrace -mode batch -source run_ippack.tcl
# Log file: D:/1_EE5332/assignment_3/dct/solution1/impl/ip/vivado.log
# Journal file: D:/1_EE5332/assignment_3/dct/solution1/impl/ip\vivado.jou
#-----------------------------------------------------------
source run_ippack.tcl -notrace
INFO: [IP_Flow 19-234] Refreshing IP repositories
INFO: [IP_Flow 19-1704] No user IP repositories specified
INFO: [IP_Flow 19-2313] Loaded Vivado IP repository 'F:/Xilinx/Vivado/2018.2/data/ip'.
INFO: [IP_Flow 19-1686] Generating 'Synthesis' target for IP 'dct_ap_dmul_4_max_dsp_64'...
INFO: [IP_Flow 19-1686] Generating 'Simulation' target for IP 'dct_ap_dmul_4_max_dsp_64'...
INFO: [IP_Flow 19-1686] Generating 'Synthesis' target for IP 'dct_ap_fadd_3_full_dsp_32'...
INFO: [IP_Flow 19-1686] Generating 'Simulation' target for IP 'dct_ap_fadd_3_full_dsp_32'...
INFO: [IP_Flow 19-1686] Generating 'Synthesis' target for IP 'dct_ap_fmul_2_max_dsp_32'...
INFO: [IP_Flow 19-1686] Generating 'Simulation' target for IP 'dct_ap_fmul_2_max_dsp_32'...
INFO: [IP_Flow 19-1686] Generating 'Synthesis' target for IP 'dct_ap_fpext_0_no_dsp_32'...
INFO: [IP_Flow 19-1686] Generating 'Simulation' target for IP 'dct_ap_fpext_0_no_dsp_32'...
WARNING: [IP_Flow 19-4832] The IP name 'dct_ap_fptrunc_0_no_dsp_64' you have specified is long. The Windows operating system has path length limitations. It is recommended you use shorter names to reduce the likelihood of issues.
INFO: [IP_Flow 19-1686] Generating 'Synthesis' target for IP 'dct_ap_fptrunc_0_no_dsp_64'...
INFO: [IP_Flow 19-1686] Generating 'Simulation' target for IP 'dct_ap_fptrunc_0_no_dsp_64'...
INFO: [IP_Flow 19-234] Refreshing IP repositories
INFO: [IP_Flow 19-1704] No user IP repositories specified
INFO: [IP_Flow 19-2313] Loaded Vivado IP repository 'F:/Xilinx/Vivado/2018.2/data/ip'.
INFO: [Common 17-206] Exiting Vivado at Thu Mar  5 11:41:50 2020...
