Copyright 1986-2018 Xilinx, Inc. All Rights Reserved.
----------------------------------------------------------------------------------------------------------------------------------------------------------------------
| Tool Version     : Vivado v.2018.2 (win64) Build 2258646 Thu Jun 14 20:03:12 MDT 2018
| Date             : Mon Feb 17 16:45:31 2020
| Host             : LAPTOP-BKT11VOI running 64-bit major release  (build 9200)
| Command          : report_power -file design_1_wrapper_power_routed.rpt -pb design_1_wrapper_power_summary_routed.pb -rpx design_1_wrapper_power_routed.rpx
| Design           : design_1_wrapper
| Device           : xc7z010clg400-1
| Design State     : routed
| Grade            : commercial
| Process          : typical
| Characterization : Production
----------------------------------------------------------------------------------------------------------------------------------------------------------------------

Power Report

Table of Contents
-----------------
1. Summary
1.1 On-Chip Components
1.2 Power Supply Summary
1.3 Confidence Level
2. Settings
2.1 Environment
2.2 Clock Constraints
3. Detailed Reports
3.1 By Hierarchy

1. Summary
----------

+--------------------------+--------------+
| Total On-Chip Power (W)  | 0.237        |
| Design Power Budget (W)  | Unspecified* |
| Power Budget Margin (W)  | NA           |
| Dynamic (W)              | 0.146        |
| Device Static (W)        | 0.091        |
| Effective TJA (C/W)      | 11.5         |
| Max Ambient (C)          | 82.3         |
| Junction Temperature (C) | 27.7         |
| Confidence Level         | Medium       |
| Setting File             | ---          |
| Simulation Activity File | ---          |
| Design Nets Matched      | NA           |
+--------------------------+--------------+
* Specify Design Power Budget using, set_operating_conditions -design_power_budget <value in Watts>


1.1 On-Chip Components
----------------------

+--------------------------+-----------+----------+-----------+-----------------+
| On-Chip                  | Power (W) | Used     | Available | Utilization (%) |
+--------------------------+-----------+----------+-----------+-----------------+
| Clocks                   |     0.013 |        9 |       --- |             --- |
| Slice Logic              |     0.006 |     6550 |       --- |             --- |
|   LUT as Logic           |     0.005 |     2006 |     17600 |           11.40 |
|   Register               |    <0.001 |     3278 |     35200 |            9.31 |
|   LUT as Distributed RAM |    <0.001 |      248 |      6000 |            4.13 |
|   LUT as Shift Register  |    <0.001 |      183 |      6000 |            3.05 |
|   CARRY4                 |    <0.001 |       88 |      4400 |            2.00 |
|   F7/F8 Muxes            |    <0.001 |       26 |     17600 |            0.15 |
|   Others                 |     0.000 |      328 |       --- |             --- |
| Signals                  |     0.012 |     5004 |       --- |             --- |
| Block RAM                |     0.004 |        3 |        60 |            5.00 |
| MMCM                     |     0.106 |        1 |         2 |           50.00 |
| DSPs                     |     0.004 |        4 |        80 |            5.00 |
| I/O                      |    <0.001 |        2 |       100 |            2.00 |
| Static Power             |     0.091 |          |           |                 |
| Total                    |     0.237 |          |           |                 |
+--------------------------+-----------+----------+-----------+-----------------+


1.2 Power Supply Summary
------------------------

+-----------+-------------+-----------+-------------+------------+
| Source    | Voltage (V) | Total (A) | Dynamic (A) | Static (A) |
+-----------+-------------+-----------+-------------+------------+
| Vccint    |       1.000 |     0.044 |       0.040 |      0.004 |
| Vccaux    |       1.800 |     0.064 |       0.059 |      0.006 |
| Vcco33    |       3.300 |     0.000 |       0.000 |      0.000 |
| Vcco25    |       2.500 |     0.000 |       0.000 |      0.000 |
| Vcco18    |       1.800 |     0.000 |       0.000 |      0.000 |
| Vcco15    |       1.500 |     0.000 |       0.000 |      0.000 |
| Vcco135   |       1.350 |     0.000 |       0.000 |      0.000 |
| Vcco12    |       1.200 |     0.000 |       0.000 |      0.000 |
| Vccaux_io |       1.800 |     0.000 |       0.000 |      0.000 |
| Vccbram   |       1.000 |     0.001 |       0.000 |      0.000 |
| MGTAVcc   |       1.000 |     0.000 |       0.000 |      0.000 |
| MGTAVtt   |       1.200 |     0.000 |       0.000 |      0.000 |
| MGTVccaux |       1.800 |     0.000 |       0.000 |      0.000 |
| Vccpint   |       1.000 |     0.017 |       0.000 |      0.017 |
| Vccpaux   |       1.800 |     0.010 |       0.000 |      0.010 |
| Vccpll    |       1.800 |     0.003 |       0.000 |      0.003 |
| Vcco_ddr  |       1.500 |     0.000 |       0.000 |      0.000 |
| Vcco_mio0 |       1.800 |     0.000 |       0.000 |      0.000 |
| Vcco_mio1 |       1.800 |     0.000 |       0.000 |      0.000 |
| Vccadc    |       1.800 |     0.020 |       0.000 |      0.020 |
+-----------+-------------+-----------+-------------+------------+


1.3 Confidence Level
--------------------

+-----------------------------+------------+-------------------------------------------------------+------------------------------------------------------------------------------------------------------------+
| User Input Data             | Confidence | Details                                               | Action                                                                                                     |
+-----------------------------+------------+-------------------------------------------------------+------------------------------------------------------------------------------------------------------------+
| Design implementation state | High       | Design is routed                                      |                                                                                                            |
| Clock nodes activity        | High       | User specified more than 95% of clocks                |                                                                                                            |
| I/O nodes activity          | Medium     | More than 5% of inputs are missing user specification | Provide missing input activity with simulation results or by editing the "By Resource Type -> I/Os" view   |
| Internal nodes activity     | Medium     | User specified less than 25% of internal nodes        | Provide missing internal nodes activity with simulation results or by editing the "By Resource Type" views |
| Device models               | High       | Device models are Production                          |                                                                                                            |
|                             |            |                                                       |                                                                                                            |
| Overall confidence level    | Medium     |                                                       |                                                                                                            |
+-----------------------------+------------+-------------------------------------------------------+------------------------------------------------------------------------------------------------------------+


2. Settings
-----------

2.1 Environment
---------------

+-----------------------+------------------------+
| Ambient Temp (C)      | 25.0                   |
| ThetaJA (C/W)         | 11.5                   |
| Airflow (LFM)         | 250                    |
| Heat Sink             | none                   |
| ThetaSA (C/W)         | 0.0                    |
| Board Selection       | medium (10"x10")       |
| # of Board Layers     | 8to11 (8 to 11 Layers) |
| Board Temperature (C) | 25.0                   |
+-----------------------+------------------------+


2.2 Clock Constraints
---------------------

+--------------------------------------------------------------------------------------------+----------------------------------------------------------------------+-----------------+
| Clock                                                                                      | Domain                                                               | Constraint (ns) |
+--------------------------------------------------------------------------------------------+----------------------------------------------------------------------+-----------------+
| clk                                                                                        | clk                                                                  |             8.0 |
| clk_out1_design_1_clk_wiz_0_0                                                              | design_1_i/clk_wiz_0/inst/clk_out1_design_1_clk_wiz_0_0              |            10.0 |
| clk_out1_design_1_clk_wiz_0_0_1                                                            | design_1_i/clk_wiz_0/inst/clk_out1_design_1_clk_wiz_0_0              |            10.0 |
| clkfbout_design_1_clk_wiz_0_0                                                              | design_1_i/clk_wiz_0/inst/clkfbout_design_1_clk_wiz_0_0              |             8.0 |
| clkfbout_design_1_clk_wiz_0_0_1                                                            | design_1_i/clk_wiz_0/inst/clkfbout_design_1_clk_wiz_0_0              |             8.0 |
| dbg_hub/inst/BSCANID.u_xsdbm_id/SWITCH_N_EXT_BSCAN.bscan_inst/SERIES7_BSCAN.bscan_inst/TCK | dbg_hub/inst/BSCANID.u_xsdbm_id/SWITCH_N_EXT_BSCAN.bscan_inst/tck_bs |            33.0 |
| sys_clk_pin                                                                                | clk                                                                  |             8.0 |
+--------------------------------------------------------------------------------------------+----------------------------------------------------------------------+-----------------+


3. Detailed Reports
-------------------

3.1 By Hierarchy
----------------

+------------------------------------------------------------------------------------+-----------+
| Name                                                                               | Power (W) |
+------------------------------------------------------------------------------------+-----------+
| design_1_wrapper                                                                   |     0.146 |
|   dbg_hub                                                                          |     0.003 |
|     inst                                                                           |     0.003 |
|       BSCANID.u_xsdbm_id                                                           |     0.003 |
|         CORE_XSDB.UUT_MASTER                                                       |     0.002 |
|           U_ICON_INTERFACE                                                         |     0.001 |
|             U_CMD1                                                                 |    <0.001 |
|             U_CMD2                                                                 |    <0.001 |
|             U_CMD3                                                                 |    <0.001 |
|             U_CMD4                                                                 |    <0.001 |
|             U_CMD5                                                                 |    <0.001 |
|             U_CMD6_RD                                                              |    <0.001 |
|               U_RD_FIFO                                                            |    <0.001 |
|                 SUBCORE_FIFO.xsdbm_v3_0_0_rdfifo_inst                              |    <0.001 |
|                   inst_fifo_gen                                                    |    <0.001 |
|                     gconvfifo.rf                                                   |    <0.001 |
|                       grf.rf                                                       |    <0.001 |
|                         gntv_or_sync_fifo.gcx.clkx                                 |    <0.001 |
|                           gnxpm_cdc.gsync_stage[1].rd_stg_inst                     |    <0.001 |
|                           gnxpm_cdc.gsync_stage[1].wr_stg_inst                     |    <0.001 |
|                           gnxpm_cdc.gsync_stage[2].rd_stg_inst                     |    <0.001 |
|                           gnxpm_cdc.gsync_stage[2].wr_stg_inst                     |    <0.001 |
|                         gntv_or_sync_fifo.gl0.rd                                   |    <0.001 |
|                           gr1.gr1_int.rfwft                                        |    <0.001 |
|                           gras.rsts                                                |    <0.001 |
|                           grhf.rhf                                                 |    <0.001 |
|                           rpntr                                                    |    <0.001 |
|                         gntv_or_sync_fifo.gl0.wr                                   |    <0.001 |
|                           gwas.wsts                                                |    <0.001 |
|                           gwhf.whf                                                 |    <0.001 |
|                           wpntr                                                    |    <0.001 |
|                         gntv_or_sync_fifo.mem                                      |    <0.001 |
|                           gdm.dm_gen.dm                                            |    <0.001 |
|                             RAM_reg_0_15_0_5                                       |    <0.001 |
|                             RAM_reg_0_15_12_15                                     |    <0.001 |
|                             RAM_reg_0_15_6_11                                      |    <0.001 |
|                         rstblk                                                     |    <0.001 |
|                           ngwrdrst.grst.g7serrst.gwrrd_rst_sync_stage[1].rrst_inst |    <0.001 |
|                           ngwrdrst.grst.g7serrst.gwrrd_rst_sync_stage[1].wrst_inst |    <0.001 |
|                           ngwrdrst.grst.g7serrst.gwrrd_rst_sync_stage[2].rrst_inst |    <0.001 |
|                           ngwrdrst.grst.g7serrst.gwrrd_rst_sync_stage[2].wrst_inst |    <0.001 |
|             U_CMD6_WR                                                              |    <0.001 |
|               U_WR_FIFO                                                            |    <0.001 |
|                 SUBCORE_FIFO.xsdbm_v3_0_0_wrfifo_inst                              |    <0.001 |
|                   inst_fifo_gen                                                    |    <0.001 |
|                     gconvfifo.rf                                                   |    <0.001 |
|                       grf.rf                                                       |    <0.001 |
|                         gntv_or_sync_fifo.gcx.clkx                                 |    <0.001 |
|                           gnxpm_cdc.gsync_stage[1].rd_stg_inst                     |    <0.001 |
|                           gnxpm_cdc.gsync_stage[1].wr_stg_inst                     |    <0.001 |
|                           gnxpm_cdc.gsync_stage[2].rd_stg_inst                     |    <0.001 |
|                           gnxpm_cdc.gsync_stage[2].wr_stg_inst                     |    <0.001 |
|                         gntv_or_sync_fifo.gl0.rd                                   |    <0.001 |
|                           gras.rsts                                                |    <0.001 |
|                           grhf.rhf                                                 |    <0.001 |
|                           rpntr                                                    |    <0.001 |
|                         gntv_or_sync_fifo.gl0.wr                                   |    <0.001 |
|                           gwas.wsts                                                |    <0.001 |
|                           gwhf.whf                                                 |    <0.001 |
|                           wpntr                                                    |    <0.001 |
|                         gntv_or_sync_fifo.mem                                      |    <0.001 |
|                           gdm.dm_gen.dm                                            |    <0.001 |
|                             RAM_reg_0_15_0_5                                       |    <0.001 |
|                             RAM_reg_0_15_12_15                                     |    <0.001 |
|                             RAM_reg_0_15_6_11                                      |    <0.001 |
|                         rstblk                                                     |    <0.001 |
|                           ngwrdrst.grst.g7serrst.gwrrd_rst_sync_stage[1].rrst_inst |    <0.001 |
|                           ngwrdrst.grst.g7serrst.gwrrd_rst_sync_stage[1].wrst_inst |    <0.001 |
|                           ngwrdrst.grst.g7serrst.gwrrd_rst_sync_stage[2].rrst_inst |    <0.001 |
|                           ngwrdrst.grst.g7serrst.gwrrd_rst_sync_stage[2].wrst_inst |    <0.001 |
|             U_CMD7_CTL                                                             |    <0.001 |
|             U_CMD7_STAT                                                            |    <0.001 |
|             U_STATIC_STATUS                                                        |    <0.001 |
|           U_XSDB_ADDRESS_CONTROLLER                                                |    <0.001 |
|           U_XSDB_BURST_WD_LEN_CONTROLLER                                           |    <0.001 |
|           U_XSDB_BUS_CONTROLLER                                                    |    <0.001 |
|             U_RD_ABORT_FLAG                                                        |    <0.001 |
|             U_RD_REQ_FLAG                                                          |    <0.001 |
|             U_TIMER                                                                |    <0.001 |
|           U_XSDB_BUS_MSTR2SL_PORT_IFACE                                            |    <0.001 |
|         CORE_XSDB.U_ICON                                                           |    <0.001 |
|           U_CMD                                                                    |    <0.001 |
|           U_STAT                                                                   |    <0.001 |
|           U_SYNC                                                                   |    <0.001 |
|         SWITCH_N_EXT_BSCAN.bscan_inst                                              |    <0.001 |
|         SWITCH_N_EXT_BSCAN.bscan_switch                                            |    <0.001 |
|   design_1_i                                                                       |     0.143 |
|     FFT_0                                                                          |     0.022 |
|       U0                                                                           |     0.022 |
|         data_OUT0_M_imag_V_U                                                       |    <0.001 |
|           FFT_xin_M_real_V_ram_U                                                   |    <0.001 |
|             ram_reg_0_31_0_0                                                       |    <0.001 |
|             ram_reg_0_31_10_10                                                     |    <0.001 |
|             ram_reg_0_31_11_11                                                     |    <0.001 |
|             ram_reg_0_31_12_12                                                     |    <0.001 |
|             ram_reg_0_31_13_13                                                     |    <0.001 |
|             ram_reg_0_31_14_14                                                     |    <0.001 |
|             ram_reg_0_31_15_15                                                     |    <0.001 |
|             ram_reg_0_31_1_1                                                       |    <0.001 |
|             ram_reg_0_31_2_2                                                       |    <0.001 |
|             ram_reg_0_31_3_3                                                       |    <0.001 |
|             ram_reg_0_31_4_4                                                       |    <0.001 |
|             ram_reg_0_31_5_5                                                       |    <0.001 |
|             ram_reg_0_31_6_6                                                       |    <0.001 |
|             ram_reg_0_31_7_7                                                       |    <0.001 |
|             ram_reg_0_31_8_8                                                       |    <0.001 |
|             ram_reg_0_31_9_9                                                       |    <0.001 |
|         data_OUT0_M_real_V_U                                                       |    <0.001 |
|           FFT_xin_M_real_V_ram_U                                                   |    <0.001 |
|             ram_reg_0_31_0_0                                                       |    <0.001 |
|             ram_reg_0_31_10_10                                                     |    <0.001 |
|             ram_reg_0_31_11_11                                                     |    <0.001 |
|             ram_reg_0_31_12_12                                                     |    <0.001 |
|             ram_reg_0_31_13_13                                                     |    <0.001 |
|             ram_reg_0_31_14_14                                                     |    <0.001 |
|             ram_reg_0_31_15_15                                                     |    <0.001 |
|             ram_reg_0_31_1_1                                                       |    <0.001 |
|             ram_reg_0_31_2_2                                                       |    <0.001 |
|             ram_reg_0_31_3_3                                                       |    <0.001 |
|             ram_reg_0_31_4_4                                                       |    <0.001 |
|             ram_reg_0_31_5_5                                                       |    <0.001 |
|             ram_reg_0_31_6_6                                                       |    <0.001 |
|             ram_reg_0_31_7_7                                                       |    <0.001 |
|             ram_reg_0_31_8_8                                                       |    <0.001 |
|             ram_reg_0_31_9_9                                                       |    <0.001 |
|         data_OUT1_M_imag_V_U                                                       |    <0.001 |
|           FFT_xin_M_real_V_ram_U                                                   |    <0.001 |
|             ram_reg_0_31_0_0                                                       |    <0.001 |
|             ram_reg_0_31_10_10                                                     |    <0.001 |
|             ram_reg_0_31_11_11                                                     |    <0.001 |
|             ram_reg_0_31_12_12                                                     |    <0.001 |
|             ram_reg_0_31_13_13                                                     |    <0.001 |
|             ram_reg_0_31_14_14                                                     |    <0.001 |
|             ram_reg_0_31_15_15                                                     |    <0.001 |
|             ram_reg_0_31_1_1                                                       |    <0.001 |
|             ram_reg_0_31_2_2                                                       |    <0.001 |
|             ram_reg_0_31_3_3                                                       |    <0.001 |
|             ram_reg_0_31_4_4                                                       |    <0.001 |
|             ram_reg_0_31_5_5                                                       |    <0.001 |
|             ram_reg_0_31_6_6                                                       |    <0.001 |
|             ram_reg_0_31_7_7                                                       |    <0.001 |
|             ram_reg_0_31_8_8                                                       |    <0.001 |
|             ram_reg_0_31_9_9                                                       |    <0.001 |
|         data_OUT1_M_real_V_U                                                       |    <0.001 |
|           FFT_xin_M_real_V_ram_U                                                   |    <0.001 |
|             ram_reg_0_31_0_0                                                       |    <0.001 |
|             ram_reg_0_31_10_10                                                     |    <0.001 |
|             ram_reg_0_31_11_11                                                     |    <0.001 |
|             ram_reg_0_31_12_12                                                     |    <0.001 |
|             ram_reg_0_31_13_13                                                     |    <0.001 |
|             ram_reg_0_31_14_14                                                     |    <0.001 |
|             ram_reg_0_31_15_15                                                     |    <0.001 |
|             ram_reg_0_31_1_1                                                       |    <0.001 |
|             ram_reg_0_31_2_2                                                       |    <0.001 |
|             ram_reg_0_31_3_3                                                       |    <0.001 |
|             ram_reg_0_31_4_4                                                       |    <0.001 |
|             ram_reg_0_31_5_5                                                       |    <0.001 |
|             ram_reg_0_31_6_6                                                       |    <0.001 |
|             ram_reg_0_31_7_7                                                       |    <0.001 |
|             ram_reg_0_31_8_8                                                       |    <0.001 |
|             ram_reg_0_31_9_9                                                       |    <0.001 |
|         data_OUT2_M_imag_V_U                                                       |    <0.001 |
|           FFT_xin_M_real_V_ram_U                                                   |    <0.001 |
|             ram_reg_0_31_0_0                                                       |    <0.001 |
|             ram_reg_0_31_10_10                                                     |    <0.001 |
|             ram_reg_0_31_11_11                                                     |    <0.001 |
|             ram_reg_0_31_12_12                                                     |    <0.001 |
|             ram_reg_0_31_13_13                                                     |    <0.001 |
|             ram_reg_0_31_14_14                                                     |    <0.001 |
|             ram_reg_0_31_15_15                                                     |    <0.001 |
|             ram_reg_0_31_1_1                                                       |    <0.001 |
|             ram_reg_0_31_2_2                                                       |    <0.001 |
|             ram_reg_0_31_3_3                                                       |    <0.001 |
|             ram_reg_0_31_4_4                                                       |    <0.001 |
|             ram_reg_0_31_5_5                                                       |    <0.001 |
|             ram_reg_0_31_6_6                                                       |    <0.001 |
|             ram_reg_0_31_7_7                                                       |    <0.001 |
|             ram_reg_0_31_8_8                                                       |    <0.001 |
|             ram_reg_0_31_9_9                                                       |    <0.001 |
|         data_OUT2_M_real_V_U                                                       |    <0.001 |
|           FFT_xin_M_real_V_ram_U                                                   |    <0.001 |
|             ram_reg_0_31_0_0                                                       |    <0.001 |
|             ram_reg_0_31_10_10                                                     |    <0.001 |
|             ram_reg_0_31_11_11                                                     |    <0.001 |
|             ram_reg_0_31_12_12                                                     |    <0.001 |
|             ram_reg_0_31_13_13                                                     |    <0.001 |
|             ram_reg_0_31_14_14                                                     |    <0.001 |
|             ram_reg_0_31_15_15                                                     |    <0.001 |
|             ram_reg_0_31_1_1                                                       |    <0.001 |
|             ram_reg_0_31_2_2                                                       |    <0.001 |
|             ram_reg_0_31_3_3                                                       |    <0.001 |
|             ram_reg_0_31_4_4                                                       |    <0.001 |
|             ram_reg_0_31_5_5                                                       |    <0.001 |
|             ram_reg_0_31_6_6                                                       |    <0.001 |
|             ram_reg_0_31_7_7                                                       |    <0.001 |
|             ram_reg_0_31_8_8                                                       |    <0.001 |
|             ram_reg_0_31_9_9                                                       |    <0.001 |
|         data_OUT3_M_imag_V_U                                                       |    <0.001 |
|           FFT_xin_M_real_V_ram_U                                                   |    <0.001 |
|             ram_reg_0_31_0_0                                                       |    <0.001 |
|             ram_reg_0_31_10_10                                                     |    <0.001 |
|             ram_reg_0_31_11_11                                                     |    <0.001 |
|             ram_reg_0_31_12_12                                                     |    <0.001 |
|             ram_reg_0_31_13_13                                                     |    <0.001 |
|             ram_reg_0_31_14_14                                                     |    <0.001 |
|             ram_reg_0_31_15_15                                                     |    <0.001 |
|             ram_reg_0_31_1_1                                                       |    <0.001 |
|             ram_reg_0_31_2_2                                                       |    <0.001 |
|             ram_reg_0_31_3_3                                                       |    <0.001 |
|             ram_reg_0_31_4_4                                                       |    <0.001 |
|             ram_reg_0_31_5_5                                                       |    <0.001 |
|             ram_reg_0_31_6_6                                                       |    <0.001 |
|             ram_reg_0_31_7_7                                                       |    <0.001 |
|             ram_reg_0_31_8_8                                                       |    <0.001 |
|             ram_reg_0_31_9_9                                                       |    <0.001 |
|         data_OUT3_M_real_V_U                                                       |    <0.001 |
|           FFT_xin_M_real_V_ram_U                                                   |    <0.001 |
|             ram_reg_0_31_0_0                                                       |    <0.001 |
|             ram_reg_0_31_10_10                                                     |    <0.001 |
|             ram_reg_0_31_11_11                                                     |    <0.001 |
|             ram_reg_0_31_12_12                                                     |    <0.001 |
|             ram_reg_0_31_13_13                                                     |    <0.001 |
|             ram_reg_0_31_14_14                                                     |    <0.001 |
|             ram_reg_0_31_15_15                                                     |    <0.001 |
|             ram_reg_0_31_1_1                                                       |    <0.001 |
|             ram_reg_0_31_2_2                                                       |    <0.001 |
|             ram_reg_0_31_3_3                                                       |    <0.001 |
|             ram_reg_0_31_4_4                                                       |    <0.001 |
|             ram_reg_0_31_5_5                                                       |    <0.001 |
|             ram_reg_0_31_6_6                                                       |    <0.001 |
|             ram_reg_0_31_7_7                                                       |    <0.001 |
|             ram_reg_0_31_8_8                                                       |    <0.001 |
|             ram_reg_0_31_9_9                                                       |    <0.001 |
|         data_OUT4_M_imag_V_U                                                       |    <0.001 |
|           FFT_xin_M_real_V_ram_U                                                   |    <0.001 |
|             ram_reg_0_31_0_0                                                       |    <0.001 |
|             ram_reg_0_31_10_10                                                     |    <0.001 |
|             ram_reg_0_31_11_11                                                     |    <0.001 |
|             ram_reg_0_31_12_12                                                     |    <0.001 |
|             ram_reg_0_31_13_13                                                     |    <0.001 |
|             ram_reg_0_31_14_14                                                     |    <0.001 |
|             ram_reg_0_31_15_15                                                     |    <0.001 |
|             ram_reg_0_31_1_1                                                       |    <0.001 |
|             ram_reg_0_31_2_2                                                       |    <0.001 |
|             ram_reg_0_31_3_3                                                       |    <0.001 |
|             ram_reg_0_31_4_4                                                       |    <0.001 |
|             ram_reg_0_31_5_5                                                       |    <0.001 |
|             ram_reg_0_31_6_6                                                       |    <0.001 |
|             ram_reg_0_31_7_7                                                       |    <0.001 |
|             ram_reg_0_31_8_8                                                       |    <0.001 |
|             ram_reg_0_31_9_9                                                       |    <0.001 |
|         data_OUT4_M_real_V_U                                                       |    <0.001 |
|           FFT_xin_M_real_V_ram_U                                                   |    <0.001 |
|             ram_reg_0_31_0_0                                                       |    <0.001 |
|             ram_reg_0_31_10_10                                                     |    <0.001 |
|             ram_reg_0_31_11_11                                                     |    <0.001 |
|             ram_reg_0_31_12_12                                                     |    <0.001 |
|             ram_reg_0_31_13_13                                                     |    <0.001 |
|             ram_reg_0_31_14_14                                                     |    <0.001 |
|             ram_reg_0_31_15_15                                                     |    <0.001 |
|             ram_reg_0_31_1_1                                                       |    <0.001 |
|             ram_reg_0_31_2_2                                                       |    <0.001 |
|             ram_reg_0_31_3_3                                                       |    <0.001 |
|             ram_reg_0_31_4_4                                                       |    <0.001 |
|             ram_reg_0_31_5_5                                                       |    <0.001 |
|             ram_reg_0_31_6_6                                                       |    <0.001 |
|             ram_reg_0_31_7_7                                                       |    <0.001 |
|             ram_reg_0_31_8_8                                                       |    <0.001 |
|             ram_reg_0_31_9_9                                                       |    <0.001 |
|         grp_FFT0_fu_262                                                            |     0.013 |
|           FFT_mac_muladd_9sdEe_U4                                                  |     0.001 |
|             FFT_mac_muladd_9sdEe_DSP48_2_U                                         |     0.001 |
|           FFT_mac_mulsub_16cud_U3                                                  |     0.002 |
|             FFT_mac_mulsub_16cud_DSP48_1_U                                         |     0.002 |
|         rev_32_U                                                                   |    <0.001 |
|           FFT_rev_32_rom_U                                                         |    <0.001 |
|         xin_M_imag_V_U                                                             |    <0.001 |
|           FFT_xin_M_real_V_ram_U                                                   |    <0.001 |
|             ram_reg_0_31_0_0                                                       |    <0.001 |
|             ram_reg_0_31_10_10                                                     |    <0.001 |
|             ram_reg_0_31_11_11                                                     |    <0.001 |
|             ram_reg_0_31_12_12                                                     |    <0.001 |
|             ram_reg_0_31_13_13                                                     |    <0.001 |
|             ram_reg_0_31_14_14                                                     |    <0.001 |
|             ram_reg_0_31_15_15                                                     |    <0.001 |
|             ram_reg_0_31_1_1                                                       |    <0.001 |
|             ram_reg_0_31_2_2                                                       |    <0.001 |
|             ram_reg_0_31_3_3                                                       |    <0.001 |
|             ram_reg_0_31_4_4                                                       |    <0.001 |
|             ram_reg_0_31_5_5                                                       |    <0.001 |
|             ram_reg_0_31_6_6                                                       |    <0.001 |
|             ram_reg_0_31_7_7                                                       |    <0.001 |
|             ram_reg_0_31_8_8                                                       |    <0.001 |
|             ram_reg_0_31_9_9                                                       |    <0.001 |
|         xin_M_real_V_U                                                             |    <0.001 |
|           FFT_xin_M_real_V_ram_U                                                   |    <0.001 |
|             ram_reg_0_31_0_0                                                       |    <0.001 |
|             ram_reg_0_31_10_10                                                     |    <0.001 |
|             ram_reg_0_31_11_11                                                     |    <0.001 |
|             ram_reg_0_31_12_12                                                     |    <0.001 |
|             ram_reg_0_31_13_13                                                     |    <0.001 |
|             ram_reg_0_31_14_14                                                     |    <0.001 |
|             ram_reg_0_31_15_15                                                     |    <0.001 |
|             ram_reg_0_31_1_1                                                       |    <0.001 |
|             ram_reg_0_31_2_2                                                       |    <0.001 |
|             ram_reg_0_31_3_3                                                       |    <0.001 |
|             ram_reg_0_31_4_4                                                       |    <0.001 |
|             ram_reg_0_31_5_5                                                       |    <0.001 |
|             ram_reg_0_31_6_6                                                       |    <0.001 |
|             ram_reg_0_31_7_7                                                       |    <0.001 |
|             ram_reg_0_31_8_8                                                       |    <0.001 |
|             ram_reg_0_31_9_9                                                       |    <0.001 |
|         xout_M_imag_V_U                                                            |    <0.001 |
|           FFT_xin_M_real_V_ram_U                                                   |    <0.001 |
|             ram_reg_0_31_0_0                                                       |    <0.001 |
|             ram_reg_0_31_10_10                                                     |    <0.001 |
|             ram_reg_0_31_11_11                                                     |    <0.001 |
|             ram_reg_0_31_12_12                                                     |    <0.001 |
|             ram_reg_0_31_13_13                                                     |    <0.001 |
|             ram_reg_0_31_14_14                                                     |    <0.001 |
|             ram_reg_0_31_15_15                                                     |    <0.001 |
|             ram_reg_0_31_1_1                                                       |    <0.001 |
|             ram_reg_0_31_2_2                                                       |    <0.001 |
|             ram_reg_0_31_3_3                                                       |    <0.001 |
|             ram_reg_0_31_4_4                                                       |    <0.001 |
|             ram_reg_0_31_5_5                                                       |    <0.001 |
|             ram_reg_0_31_6_6                                                       |    <0.001 |
|             ram_reg_0_31_7_7                                                       |    <0.001 |
|             ram_reg_0_31_8_8                                                       |    <0.001 |
|             ram_reg_0_31_9_9                                                       |    <0.001 |
|         xout_M_real_V_U                                                            |    <0.001 |
|           FFT_xin_M_real_V_ram_U                                                   |    <0.001 |
|             ram_reg_0_31_0_0                                                       |    <0.001 |
|             ram_reg_0_31_10_10                                                     |    <0.001 |
|             ram_reg_0_31_11_11                                                     |    <0.001 |
|             ram_reg_0_31_12_12                                                     |    <0.001 |
|             ram_reg_0_31_13_13                                                     |    <0.001 |
|             ram_reg_0_31_14_14                                                     |    <0.001 |
|             ram_reg_0_31_15_15                                                     |    <0.001 |
|             ram_reg_0_31_1_1                                                       |    <0.001 |
|             ram_reg_0_31_2_2                                                       |    <0.001 |
|             ram_reg_0_31_3_3                                                       |    <0.001 |
|             ram_reg_0_31_4_4                                                       |    <0.001 |
|             ram_reg_0_31_5_5                                                       |    <0.001 |
|             ram_reg_0_31_6_6                                                       |    <0.001 |
|             ram_reg_0_31_7_7                                                       |    <0.001 |
|             ram_reg_0_31_8_8                                                       |    <0.001 |
|             ram_reg_0_31_9_9                                                       |    <0.001 |
|     clk_wiz_0                                                                      |     0.107 |
|       inst                                                                         |     0.107 |
|     datasrc_0                                                                      |    <0.001 |
|       U0                                                                           |    <0.001 |
|     datasrc_1                                                                      |    <0.001 |
|       U0                                                                           |    <0.001 |
|     ila_0                                                                          |     0.013 |
|       U0                                                                           |     0.013 |
|         ila_core_inst                                                              |     0.013 |
|           ila_trace_memory_inst                                                    |     0.004 |
|             SUBCORE_RAM_BLK_MEM_1.trace_block_memory                               |     0.004 |
|               inst_blk_mem_gen                                                     |     0.004 |
|                 gnbram.gnativebmg.native_blk_mem_gen                               |     0.004 |
|                   valid.cstr                                                       |     0.004 |
|                     ramloop[0].ram.r                                               |     0.001 |
|                       prim_noinit.ram                                              |     0.001 |
|                     ramloop[1].ram.r                                               |     0.001 |
|                       prim_noinit.ram                                              |     0.001 |
|                     ramloop[2].ram.r                                               |     0.001 |
|                       prim_noinit.ram                                              |     0.001 |
|           u_ila_cap_ctrl                                                           |    <0.001 |
|             U_CDONE                                                                |    <0.001 |
|             U_NS0                                                                  |    <0.001 |
|             U_NS1                                                                  |    <0.001 |
|             u_cap_addrgen                                                          |    <0.001 |
|               U_CMPRESET                                                           |    <0.001 |
|               u_cap_sample_counter                                                 |    <0.001 |
|                 U_SCE                                                              |    <0.001 |
|                 U_SCMPCE                                                           |    <0.001 |
|                 U_SCRST                                                            |    <0.001 |
|                 u_scnt_cmp                                                         |    <0.001 |
|                   allx_typeA_match_detection.ltlib_v1_0_0_allx_typeA_inst          |    <0.001 |
|                     DUT                                                            |    <0.001 |
|                       I_WHOLE_SLICE.G_SLICE_IDX[0].U_ALL_SRL_SLICE                 |    <0.001 |
|                         u_srlA                                                     |    <0.001 |
|                         u_srlB                                                     |    <0.001 |
|                         u_srlC                                                     |    <0.001 |
|                         u_srlD                                                     |    <0.001 |
|                       I_WHOLE_SLICE.G_SLICE_IDX[1].U_ALL_SRL_SLICE                 |    <0.001 |
|                         u_srlA                                                     |    <0.001 |
|                         u_srlB                                                     |    <0.001 |
|                         u_srlC                                                     |    <0.001 |
|                         u_srlD                                                     |    <0.001 |
|               u_cap_window_counter                                                 |    <0.001 |
|                 U_WCE                                                              |    <0.001 |
|                 U_WHCMPCE                                                          |    <0.001 |
|                 U_WLCMPCE                                                          |    <0.001 |
|                 u_wcnt_hcmp                                                        |    <0.001 |
|                   allx_typeA_match_detection.ltlib_v1_0_0_allx_typeA_inst          |    <0.001 |
|                     DUT                                                            |    <0.001 |
|                       I_WHOLE_SLICE.G_SLICE_IDX[0].U_ALL_SRL_SLICE                 |    <0.001 |
|                         u_srlA                                                     |    <0.001 |
|                         u_srlB                                                     |    <0.001 |
|                         u_srlC                                                     |    <0.001 |
|                         u_srlD                                                     |    <0.001 |
|                       I_WHOLE_SLICE.G_SLICE_IDX[1].U_ALL_SRL_SLICE                 |    <0.001 |
|                         u_srlA                                                     |    <0.001 |
|                         u_srlB                                                     |    <0.001 |
|                         u_srlC                                                     |    <0.001 |
|                         u_srlD                                                     |    <0.001 |
|                 u_wcnt_lcmp                                                        |    <0.001 |
|                   allx_typeA_match_detection.ltlib_v1_0_0_allx_typeA_inst          |    <0.001 |
|                     DUT                                                            |    <0.001 |
|                       I_WHOLE_SLICE.G_SLICE_IDX[0].U_ALL_SRL_SLICE                 |    <0.001 |
|                         u_srlA                                                     |    <0.001 |
|                         u_srlB                                                     |    <0.001 |
|                         u_srlC                                                     |    <0.001 |
|                         u_srlD                                                     |    <0.001 |
|                       I_WHOLE_SLICE.G_SLICE_IDX[1].U_ALL_SRL_SLICE                 |    <0.001 |
|                         u_srlA                                                     |    <0.001 |
|                         u_srlB                                                     |    <0.001 |
|                         u_srlC                                                     |    <0.001 |
|                         u_srlD                                                     |    <0.001 |
|           u_ila_regs                                                               |     0.005 |
|             MU_SRL[0].mu_srl_reg                                                   |    <0.001 |
|             MU_SRL[1].mu_srl_reg                                                   |    <0.001 |
|             MU_SRL[2].mu_srl_reg                                                   |    <0.001 |
|             MU_SRL[3].mu_srl_reg                                                   |    <0.001 |
|             MU_SRL[4].mu_srl_reg                                                   |    <0.001 |
|             MU_SRL[5].mu_srl_reg                                                   |    <0.001 |
|             MU_SRL[6].mu_srl_reg                                                   |    <0.001 |
|             MU_SRL[7].mu_srl_reg                                                   |    <0.001 |
|             TC_SRL[0].tc_srl_reg                                                   |    <0.001 |
|             U_XSDB_SLAVE                                                           |     0.001 |
|             reg_15                                                                 |    <0.001 |
|               I_EN_CTL_EQ1.U_CTL                                                   |    <0.001 |
|             reg_16                                                                 |    <0.001 |
|               I_EN_CTL_EQ1.U_CTL                                                   |    <0.001 |
|             reg_17                                                                 |    <0.001 |
|               I_EN_CTL_EQ1.U_CTL                                                   |    <0.001 |
|             reg_18                                                                 |    <0.001 |
|               I_EN_CTL_EQ1.U_CTL                                                   |    <0.001 |
|             reg_19                                                                 |    <0.001 |
|               I_EN_CTL_EQ1.U_CTL                                                   |    <0.001 |
|             reg_1a                                                                 |    <0.001 |
|               I_EN_CTL_EQ1.U_CTL                                                   |    <0.001 |
|             reg_6                                                                  |    <0.001 |
|               I_EN_CTL_EQ1.U_CTL                                                   |    <0.001 |
|             reg_7                                                                  |    <0.001 |
|               I_EN_CTL_EQ1.U_CTL                                                   |    <0.001 |
|             reg_8                                                                  |    <0.001 |
|               I_EN_STAT_EQ1.U_STAT                                                 |    <0.001 |
|             reg_80                                                                 |    <0.001 |
|               I_EN_CTL_EQ1.U_CTL                                                   |    <0.001 |
|             reg_81                                                                 |    <0.001 |
|               I_EN_CTL_EQ1.U_CTL                                                   |    <0.001 |
|             reg_82                                                                 |    <0.001 |
|               I_EN_CTL_EQ1.U_CTL                                                   |    <0.001 |
|             reg_83                                                                 |    <0.001 |
|               I_EN_CTL_EQ1.U_CTL                                                   |    <0.001 |
|             reg_84                                                                 |    <0.001 |
|               I_EN_CTL_EQ1.U_CTL                                                   |    <0.001 |
|             reg_85                                                                 |    <0.001 |
|               I_EN_CTL_EQ1.U_CTL                                                   |    <0.001 |
|             reg_887                                                                |    <0.001 |
|               I_EN_STAT_EQ1.U_STAT                                                 |    <0.001 |
|             reg_88d                                                                |    <0.001 |
|               I_EN_STAT_EQ1.U_STAT                                                 |    <0.001 |
|             reg_890                                                                |    <0.001 |
|               I_EN_STAT_EQ1.U_STAT                                                 |    <0.001 |
|             reg_9                                                                  |    <0.001 |
|               I_EN_STAT_EQ1.U_STAT                                                 |    <0.001 |
|             reg_srl_fff                                                            |    <0.001 |
|             reg_stream_ffd                                                         |    <0.001 |
|               I_EN_CTL_EQ1.U_CTL                                                   |    <0.001 |
|             reg_stream_ffe                                                         |    <0.001 |
|               I_EN_STAT_EQ1.U_STAT                                                 |    <0.001 |
|           u_ila_reset_ctrl                                                         |    <0.001 |
|             arm_detection_inst                                                     |    <0.001 |
|             asyncrounous_transfer.arm_in_transfer_inst                             |    <0.001 |
|             asyncrounous_transfer.arm_out_transfer_inst                            |    <0.001 |
|             asyncrounous_transfer.halt_in_transfer_inst                            |    <0.001 |
|             asyncrounous_transfer.halt_out_transfer_inst                           |    <0.001 |
|             halt_detection_inst                                                    |    <0.001 |
|           u_trig                                                                   |     0.002 |
|             N_DDR_TC.N_DDR_TC_INST[0].U_TC                                         |    <0.001 |
|               allx_typeA_match_detection.ltlib_v1_0_0_allx_typeA_inst              |    <0.001 |
|                 DUT                                                                |    <0.001 |
|                   I_WHOLE_SLICE.G_SLICE_IDX[0].U_ALL_SRL_SLICE                     |    <0.001 |
|                     u_srlA                                                         |    <0.001 |
|                     u_srlB                                                         |    <0.001 |
|                     u_srlC                                                         |    <0.001 |
|                     u_srlD                                                         |    <0.001 |
|             U_TM                                                                   |     0.002 |
|               N_DDR_MODE.G_NMU[0].U_M                                              |    <0.001 |
|                 allx_typeA_match_detection.ltlib_v1_0_0_allx_typeA_inst            |    <0.001 |
|                   DUT                                                              |    <0.001 |
|                     I_WHOLE_SLICE.G_SLICE_IDX[0].U_ALL_SRL_SLICE                   |    <0.001 |
|                       u_srlA                                                       |    <0.001 |
|                       u_srlB                                                       |    <0.001 |
|                       u_srlC                                                       |    <0.001 |
|                       u_srlD                                                       |    <0.001 |
|                     I_WHOLE_SLICE.G_SLICE_IDX[1].U_ALL_SRL_SLICE                   |    <0.001 |
|                       u_srlA                                                       |    <0.001 |
|                       u_srlB                                                       |    <0.001 |
|                       u_srlC                                                       |    <0.001 |
|                       u_srlD                                                       |    <0.001 |
|                     I_WHOLE_SLICE.G_SLICE_IDX[2].U_ALL_SRL_SLICE                   |    <0.001 |
|                       u_srlA                                                       |    <0.001 |
|                       u_srlB                                                       |    <0.001 |
|                       u_srlC                                                       |    <0.001 |
|                       u_srlD                                                       |    <0.001 |
|                     I_WHOLE_SLICE.G_SLICE_IDX[3].U_ALL_SRL_SLICE                   |    <0.001 |
|                       u_srlA                                                       |    <0.001 |
|                       u_srlB                                                       |    <0.001 |
|                       u_srlC                                                       |    <0.001 |
|                       u_srlD                                                       |    <0.001 |
|               N_DDR_MODE.G_NMU[1].U_M                                              |    <0.001 |
|                 allx_typeA_match_detection.ltlib_v1_0_0_allx_typeA_inst            |    <0.001 |
|                   DUT                                                              |    <0.001 |
|                     I_WHOLE_SLICE.G_SLICE_IDX[0].U_ALL_SRL_SLICE                   |    <0.001 |
|                       u_srlA                                                       |    <0.001 |
|                       u_srlB                                                       |    <0.001 |
|                       u_srlC                                                       |    <0.001 |
|                       u_srlD                                                       |    <0.001 |
|               N_DDR_MODE.G_NMU[2].U_M                                              |    <0.001 |
|                 allx_typeA_match_detection.ltlib_v1_0_0_allx_typeA_inst            |    <0.001 |
|                   DUT                                                              |    <0.001 |
|                     I_WHOLE_SLICE.G_SLICE_IDX[0].U_ALL_SRL_SLICE                   |    <0.001 |
|                       u_srlA                                                       |    <0.001 |
|                       u_srlB                                                       |    <0.001 |
|                       u_srlC                                                       |    <0.001 |
|                       u_srlD                                                       |    <0.001 |
|                     I_WHOLE_SLICE.G_SLICE_IDX[1].U_ALL_SRL_SLICE                   |    <0.001 |
|                       u_srlA                                                       |    <0.001 |
|                       u_srlB                                                       |    <0.001 |
|                       u_srlC                                                       |    <0.001 |
|                       u_srlD                                                       |    <0.001 |
|                     I_WHOLE_SLICE.G_SLICE_IDX[2].U_ALL_SRL_SLICE                   |    <0.001 |
|                       u_srlA                                                       |    <0.001 |
|                       u_srlB                                                       |    <0.001 |
|                       u_srlC                                                       |    <0.001 |
|                       u_srlD                                                       |    <0.001 |
|                     I_WHOLE_SLICE.G_SLICE_IDX[3].U_ALL_SRL_SLICE                   |    <0.001 |
|                       u_srlA                                                       |    <0.001 |
|                       u_srlB                                                       |    <0.001 |
|                       u_srlC                                                       |    <0.001 |
|                       u_srlD                                                       |    <0.001 |
|               N_DDR_MODE.G_NMU[3].U_M                                              |    <0.001 |
|                 allx_typeA_match_detection.ltlib_v1_0_0_allx_typeA_inst            |    <0.001 |
|                   DUT                                                              |    <0.001 |
|                     I_WHOLE_SLICE.G_SLICE_IDX[0].U_ALL_SRL_SLICE                   |    <0.001 |
|                       u_srlA                                                       |    <0.001 |
|                       u_srlB                                                       |    <0.001 |
|                       u_srlC                                                       |    <0.001 |
|                       u_srlD                                                       |    <0.001 |
|               N_DDR_MODE.G_NMU[4].U_M                                              |    <0.001 |
|                 allx_typeA_match_detection.ltlib_v1_0_0_allx_typeA_inst            |    <0.001 |
|                   DUT                                                              |    <0.001 |
|                     I_WHOLE_SLICE.G_SLICE_IDX[0].U_ALL_SRL_SLICE                   |    <0.001 |
|                       u_srlA                                                       |    <0.001 |
|                       u_srlB                                                       |    <0.001 |
|                       u_srlC                                                       |    <0.001 |
|                       u_srlD                                                       |    <0.001 |
|                     I_WHOLE_SLICE.G_SLICE_IDX[1].U_ALL_SRL_SLICE                   |    <0.001 |
|                       u_srlA                                                       |    <0.001 |
|                       u_srlB                                                       |    <0.001 |
|                       u_srlC                                                       |    <0.001 |
|                       u_srlD                                                       |    <0.001 |
|                     I_WHOLE_SLICE.G_SLICE_IDX[2].U_ALL_SRL_SLICE                   |    <0.001 |
|                       u_srlA                                                       |    <0.001 |
|                       u_srlB                                                       |    <0.001 |
|                       u_srlC                                                       |    <0.001 |
|                       u_srlD                                                       |    <0.001 |
|                     I_WHOLE_SLICE.G_SLICE_IDX[3].U_ALL_SRL_SLICE                   |    <0.001 |
|                       u_srlA                                                       |    <0.001 |
|                       u_srlB                                                       |    <0.001 |
|                       u_srlC                                                       |    <0.001 |
|                       u_srlD                                                       |    <0.001 |
|               N_DDR_MODE.G_NMU[5].U_M                                              |    <0.001 |
|                 allx_typeA_match_detection.ltlib_v1_0_0_allx_typeA_inst            |    <0.001 |
|                   DUT                                                              |    <0.001 |
|                     I_WHOLE_SLICE.G_SLICE_IDX[0].U_ALL_SRL_SLICE                   |    <0.001 |
|                       u_srlA                                                       |    <0.001 |
|                       u_srlB                                                       |    <0.001 |
|                       u_srlC                                                       |    <0.001 |
|                       u_srlD                                                       |    <0.001 |
|               N_DDR_MODE.G_NMU[6].U_M                                              |    <0.001 |
|                 allx_typeA_match_detection.ltlib_v1_0_0_allx_typeA_inst            |    <0.001 |
|                   DUT                                                              |    <0.001 |
|                     I_WHOLE_SLICE.G_SLICE_IDX[0].U_ALL_SRL_SLICE                   |    <0.001 |
|                       u_srlA                                                       |    <0.001 |
|                       u_srlB                                                       |    <0.001 |
|                       u_srlC                                                       |    <0.001 |
|                       u_srlD                                                       |    <0.001 |
|               N_DDR_MODE.G_NMU[7].U_M                                              |    <0.001 |
|                 allx_typeA_match_detection.ltlib_v1_0_0_allx_typeA_inst            |    <0.001 |
|                   DUT                                                              |    <0.001 |
|                     I_WHOLE_SLICE.G_SLICE_IDX[0].U_ALL_SRL_SLICE                   |    <0.001 |
|                       u_srlA                                                       |    <0.001 |
|                       u_srlB                                                       |    <0.001 |
|                       u_srlC                                                       |    <0.001 |
|                       u_srlD                                                       |    <0.001 |
|           xsdb_memory_read_inst                                                    |    <0.001 |
+------------------------------------------------------------------------------------+-----------+


