23:09:07 INFO  : Registering command handlers for SDK TCF services
23:09:10 INFO  : Launching XSCT server: xsct.bat -interactive D:\1_EE5332\assignment_2\perf_ctr\perf_ctr.sdk\temp_xsdb_launch_script.tcl
23:09:17 INFO  : XSCT server has started successfully.
23:09:17 INFO  : Successfully done setting XSCT server connection channel  
23:09:21 INFO  : Successfully done setting SDK workspace  
23:09:21 INFO  : Processing command line option -hwspec D:/1_EE5332/assignment_2/perf_ctr/perf_ctr.sdk/mb_wrapper.hdf.
09:20:16 INFO  : Launching XSCT server: xsct.bat -interactive D:\1_EE5332\assignment_2\perf_ctr\perf_ctr.sdk\temp_xsdb_launch_script.tcl
09:20:20 INFO  : XSCT server has started successfully.
09:20:20 INFO  : Successfully done setting XSCT server connection channel  
09:20:31 INFO  : Successfully done setting SDK workspace  
09:20:35 INFO  : Registering command handlers for SDK TCF services
09:20:36 INFO  : Processing command line option -hwspec D:/1_EE5332/assignment_2/perf_ctr/perf_ctr.sdk/mb_wrapper.hdf.
09:20:37 INFO  : Checking for hwspec changes in the project mb_wrapper_hw_platform_0.
09:28:58 INFO  : Connected to target on host '127.0.0.1' and port '3121'.
09:29:02 INFO  : 'targets -set -filter {jtag_cable_name =~ "Digilent Zybo Z7 210351A7807CA" && level==0} -index 1' command is executed.
09:29:03 INFO  : FPGA configured successfully with bitstream "D:/1_EE5332/assignment_2/perf_ctr/perf_ctr.sdk/mb_wrapper_hw_platform_0/download.bit"
09:30:02 INFO  : 'targets -set -filter {jtag_cable_name =~ "Digilent Zybo Z7 210351A7807CA" && level==0} -index 1' command is executed.
09:30:02 INFO  : 'fpga -state' command is executed.
09:30:02 INFO  : Connected to target on host '127.0.0.1' and port '3121'.
09:30:02 INFO  : Jtag cable 'Digilent Zybo Z7 210351A7807CA' is selected.
09:30:02 INFO  : 'jtag frequency' command is executed.
09:30:03 INFO  : Context for 'APU' is selected.
09:30:03 INFO  : Hardware design information is loaded from 'D:/1_EE5332/assignment_2/perf_ctr/perf_ctr.sdk/mb_wrapper_hw_platform_0/system.hdf'.
09:30:03 INFO  : 'configparams force-mem-access 1' command is executed.
09:30:03 INFO  : 'configparams mdm-detect-bscan-mask 2' command is executed.
09:30:03 INFO  : Context for processor 'microblaze_0' is selected.
09:30:03 INFO  : Processor reset is completed for 'microblaze_0'.
09:30:03 INFO  : Context for processor 'microblaze_0' is selected.
09:30:03 INFO  : The application 'D:/1_EE5332/assignment_2/perf_ctr/perf_ctr.sdk/fft_perf/Debug/fft_perf.elf' is downloaded to processor 'microblaze_0'.
09:30:03 INFO  : 'configparams force-mem-access 0' command is executed.
09:30:03 INFO  : ----------------XSDB Script----------------
connect -url tcp:127.0.0.1:3121
targets -set -nocase -filter {name =~"APU*" && jtag_cable_name =~ "Digilent Zybo Z7 210351A7807CA"} -index 0
loadhw -hw D:/1_EE5332/assignment_2/perf_ctr/perf_ctr.sdk/mb_wrapper_hw_platform_0/system.hdf -mem-ranges [list {0x40000000 0xbfffffff}]
configparams force-mem-access 1
configparams mdm-detect-bscan-mask 2
targets -set -nocase -filter {name =~ "microblaze*#0" && bscan=="USER2"  && jtag_cable_name =~ "Digilent Zybo Z7 210351A7807CA"} -index 1
rst -processor
targets -set -nocase -filter {name =~ "microblaze*#0" && bscan=="USER2"  && jtag_cable_name =~ "Digilent Zybo Z7 210351A7807CA"} -index 1
dow D:/1_EE5332/assignment_2/perf_ctr/perf_ctr.sdk/fft_perf/Debug/fft_perf.elf
configparams force-mem-access 0
----------------End of Script----------------

09:30:03 INFO  : Memory regions updated for context MicroBlaze #0
09:30:03 INFO  : Memory regions updated for context MicroBlaze Debug Module at USER2
09:30:03 INFO  : Context for processor 'microblaze_0' is selected.
09:30:03 INFO  : 'con' command is executed.
09:30:03 INFO  : ----------------XSDB Script (After Launch)----------------
targets -set -nocase -filter {name =~ "microblaze*#0" && bscan=="USER2"  && jtag_cable_name =~ "Digilent Zybo Z7 210351A7807CA"} -index 1
con
----------------End of Script----------------

09:30:03 INFO  : Launch script is exported to file 'D:\1_EE5332\assignment_2\perf_ctr\perf_ctr.sdk\.sdk\launch_scripts\xilinx_c-c++_application_(system_debugger)\system_debugger_using_debug_fft_perf.elf_on_local.tcl'
09:30:46 INFO  : Disconnected from the channel tcfchan#1.
09:31:01 INFO  : 'targets -set -filter {jtag_cable_name =~ "Digilent Zybo Z7 210351A7807CA" && level==0} -index 1' command is executed.
09:31:01 INFO  : 'fpga -state' command is executed.
09:31:01 INFO  : Connected to target on host '127.0.0.1' and port '3121'.
09:31:02 INFO  : Jtag cable 'Digilent Zybo Z7 210351A7807CA' is selected.
09:31:02 INFO  : 'jtag frequency' command is executed.
09:31:03 INFO  : Context for 'APU' is selected.
09:31:03 INFO  : Hardware design information is loaded from 'D:/1_EE5332/assignment_2/perf_ctr/perf_ctr.sdk/mb_wrapper_hw_platform_0/system.hdf'.
09:31:03 INFO  : 'configparams force-mem-access 1' command is executed.
09:31:03 INFO  : 'configparams mdm-detect-bscan-mask 2' command is executed.
09:31:04 INFO  : Context for processor 'microblaze_0' is selected.
09:31:04 INFO  : Processor reset is completed for 'microblaze_0'.
09:31:05 INFO  : Context for processor 'microblaze_0' is selected.
09:31:05 INFO  : The application 'D:/1_EE5332/assignment_2/perf_ctr/perf_ctr.sdk/fft_perf/Debug/fft_perf.elf' is downloaded to processor 'microblaze_0'.
09:31:05 INFO  : 'configparams force-mem-access 0' command is executed.
09:31:05 INFO  : ----------------XSDB Script----------------
connect -url tcp:127.0.0.1:3121
targets -set -nocase -filter {name =~"APU*" && jtag_cable_name =~ "Digilent Zybo Z7 210351A7807CA"} -index 0
loadhw -hw D:/1_EE5332/assignment_2/perf_ctr/perf_ctr.sdk/mb_wrapper_hw_platform_0/system.hdf -mem-ranges [list {0x40000000 0xbfffffff}]
configparams force-mem-access 1
configparams mdm-detect-bscan-mask 2
targets -set -nocase -filter {name =~ "microblaze*#0" && bscan=="USER2"  && jtag_cable_name =~ "Digilent Zybo Z7 210351A7807CA"} -index 1
rst -processor
targets -set -nocase -filter {name =~ "microblaze*#0" && bscan=="USER2"  && jtag_cable_name =~ "Digilent Zybo Z7 210351A7807CA"} -index 1
dow D:/1_EE5332/assignment_2/perf_ctr/perf_ctr.sdk/fft_perf/Debug/fft_perf.elf
configparams force-mem-access 0
----------------End of Script----------------

09:31:05 INFO  : Memory regions updated for context MicroBlaze #0
09:31:05 INFO  : Memory regions updated for context MicroBlaze Debug Module at USER2
09:31:06 INFO  : Context for processor 'microblaze_0' is selected.
09:31:06 INFO  : 'con' command is executed.
09:31:06 INFO  : ----------------XSDB Script (After Launch)----------------
targets -set -nocase -filter {name =~ "microblaze*#0" && bscan=="USER2"  && jtag_cable_name =~ "Digilent Zybo Z7 210351A7807CA"} -index 1
con
----------------End of Script----------------

09:31:06 INFO  : Launch script is exported to file 'D:\1_EE5332\assignment_2\perf_ctr\perf_ctr.sdk\.sdk\launch_scripts\xilinx_c-c++_application_(system_debugger)\system_debugger_using_debug_fft_perf.elf_on_local.tcl'
09:31:54 INFO  : Disconnected from the channel tcfchan#2.
09:33:48 INFO  : 'targets -set -filter {jtag_cable_name =~ "Digilent Zybo Z7 210351A7807CA" && level==0} -index 1' command is executed.
09:33:48 INFO  : 'fpga -state' command is executed.
09:33:48 INFO  : Connected to target on host '127.0.0.1' and port '3121'.
09:33:49 INFO  : Jtag cable 'Digilent Zybo Z7 210351A7807CA' is selected.
09:33:49 INFO  : 'jtag frequency' command is executed.
09:33:49 INFO  : Context for 'APU' is selected.
09:33:50 INFO  : Hardware design information is loaded from 'D:/1_EE5332/assignment_2/perf_ctr/perf_ctr.sdk/mb_wrapper_hw_platform_0/system.hdf'.
09:33:50 INFO  : 'configparams force-mem-access 1' command is executed.
09:33:50 INFO  : 'configparams mdm-detect-bscan-mask 2' command is executed.
09:33:51 INFO  : Context for processor 'microblaze_0' is selected.
09:33:51 INFO  : Processor reset is completed for 'microblaze_0'.
09:33:51 INFO  : Context for processor 'microblaze_0' is selected.
09:33:52 INFO  : The application 'D:/1_EE5332/assignment_2/perf_ctr/perf_ctr.sdk/fft_perf/Debug/fft_perf.elf' is downloaded to processor 'microblaze_0'.
09:33:52 INFO  : 'configparams force-mem-access 0' command is executed.
09:33:52 INFO  : ----------------XSDB Script----------------
connect -url tcp:127.0.0.1:3121
targets -set -nocase -filter {name =~"APU*" && jtag_cable_name =~ "Digilent Zybo Z7 210351A7807CA"} -index 0
loadhw -hw D:/1_EE5332/assignment_2/perf_ctr/perf_ctr.sdk/mb_wrapper_hw_platform_0/system.hdf -mem-ranges [list {0x40000000 0xbfffffff}]
configparams force-mem-access 1
configparams mdm-detect-bscan-mask 2
targets -set -nocase -filter {name =~ "microblaze*#0" && bscan=="USER2"  && jtag_cable_name =~ "Digilent Zybo Z7 210351A7807CA"} -index 1
rst -processor
targets -set -nocase -filter {name =~ "microblaze*#0" && bscan=="USER2"  && jtag_cable_name =~ "Digilent Zybo Z7 210351A7807CA"} -index 1
dow D:/1_EE5332/assignment_2/perf_ctr/perf_ctr.sdk/fft_perf/Debug/fft_perf.elf
configparams force-mem-access 0
----------------End of Script----------------

09:33:52 INFO  : Memory regions updated for context MicroBlaze #0
09:33:52 INFO  : Memory regions updated for context MicroBlaze Debug Module at USER2
09:33:53 INFO  : Context for processor 'microblaze_0' is selected.
09:33:53 INFO  : 'con' command is executed.
09:33:53 INFO  : ----------------XSDB Script (After Launch)----------------
targets -set -nocase -filter {name =~ "microblaze*#0" && bscan=="USER2"  && jtag_cable_name =~ "Digilent Zybo Z7 210351A7807CA"} -index 1
con
----------------End of Script----------------

09:33:53 INFO  : Launch script is exported to file 'D:\1_EE5332\assignment_2\perf_ctr\perf_ctr.sdk\.sdk\launch_scripts\xilinx_c-c++_application_(system_debugger)\system_debugger_using_debug_fft_perf.elf_on_local.tcl'
09:34:03 INFO  : Disconnected from the channel tcfchan#3.
09:36:28 INFO  : Connected to target on host '127.0.0.1' and port '3121'.
09:36:30 INFO  : 'targets -set -filter {jtag_cable_name =~ "Digilent Zybo Z7 210351A7807CA" && level==0} -index 1' command is executed.
09:36:31 INFO  : FPGA configured successfully with bitstream "D:/1_EE5332/assignment_2/perf_ctr/perf_ctr.sdk/mb_wrapper_hw_platform_0/download.bit"
09:37:04 INFO  : 'targets -set -filter {jtag_cable_name =~ "Digilent Zybo Z7 210351A7807CA" && level==0} -index 1' command is executed.
09:37:04 INFO  : 'fpga -state' command is executed.
09:37:04 INFO  : Connected to target on host '127.0.0.1' and port '3121'.
09:37:05 INFO  : Jtag cable 'Digilent Zybo Z7 210351A7807CA' is selected.
09:37:05 INFO  : 'jtag frequency' command is executed.
09:37:05 INFO  : Context for 'APU' is selected.
09:37:05 INFO  : Hardware design information is loaded from 'D:/1_EE5332/assignment_2/perf_ctr/perf_ctr.sdk/mb_wrapper_hw_platform_0/system.hdf'.
09:37:05 INFO  : 'configparams force-mem-access 1' command is executed.
09:37:05 INFO  : 'configparams mdm-detect-bscan-mask 2' command is executed.
09:37:05 INFO  : Context for processor 'microblaze_0' is selected.
09:37:05 INFO  : Processor reset is completed for 'microblaze_0'.
09:37:05 INFO  : Context for processor 'microblaze_0' is selected.
09:37:05 INFO  : The application 'D:/1_EE5332/assignment_2/perf_ctr/perf_ctr.sdk/fft_perf/Debug/fft_perf.elf' is downloaded to processor 'microblaze_0'.
09:37:05 INFO  : 'configparams force-mem-access 0' command is executed.
09:37:05 INFO  : ----------------XSDB Script----------------
connect -url tcp:127.0.0.1:3121
targets -set -nocase -filter {name =~"APU*" && jtag_cable_name =~ "Digilent Zybo Z7 210351A7807CA"} -index 0
loadhw -hw D:/1_EE5332/assignment_2/perf_ctr/perf_ctr.sdk/mb_wrapper_hw_platform_0/system.hdf -mem-ranges [list {0x40000000 0xbfffffff}]
configparams force-mem-access 1
configparams mdm-detect-bscan-mask 2
targets -set -nocase -filter {name =~ "microblaze*#0" && bscan=="USER2"  && jtag_cable_name =~ "Digilent Zybo Z7 210351A7807CA"} -index 1
rst -processor
targets -set -nocase -filter {name =~ "microblaze*#0" && bscan=="USER2"  && jtag_cable_name =~ "Digilent Zybo Z7 210351A7807CA"} -index 1
dow D:/1_EE5332/assignment_2/perf_ctr/perf_ctr.sdk/fft_perf/Debug/fft_perf.elf
configparams force-mem-access 0
----------------End of Script----------------

09:37:05 INFO  : Memory regions updated for context MicroBlaze #0
09:37:05 INFO  : Memory regions updated for context MicroBlaze Debug Module at USER2
09:37:05 INFO  : Context for processor 'microblaze_0' is selected.
09:37:05 INFO  : 'con' command is executed.
09:37:05 INFO  : ----------------XSDB Script (After Launch)----------------
targets -set -nocase -filter {name =~ "microblaze*#0" && bscan=="USER2"  && jtag_cable_name =~ "Digilent Zybo Z7 210351A7807CA"} -index 1
con
----------------End of Script----------------

09:37:05 INFO  : Launch script is exported to file 'D:\1_EE5332\assignment_2\perf_ctr\perf_ctr.sdk\.sdk\launch_scripts\xilinx_c-c++_application_(system_debugger)\system_debugger_using_debug_fft_perf.elf_on_local.tcl'
09:37:53 INFO  : Disconnected from the channel tcfchan#4.
09:41:53 INFO  : 'targets -set -filter {jtag_cable_name =~ "Digilent Zybo Z7 210351A7807CA" && level==0} -index 1' command is executed.
09:41:53 INFO  : 'fpga -state' command is executed.
09:41:53 INFO  : Connected to target on host '127.0.0.1' and port '3121'.
09:41:54 INFO  : Jtag cable 'Digilent Zybo Z7 210351A7807CA' is selected.
09:41:54 INFO  : 'jtag frequency' command is executed.
09:41:54 INFO  : Context for 'APU' is selected.
09:41:54 INFO  : Hardware design information is loaded from 'D:/1_EE5332/assignment_2/perf_ctr/perf_ctr.sdk/mb_wrapper_hw_platform_0/system.hdf'.
09:41:54 INFO  : 'configparams force-mem-access 1' command is executed.
09:41:54 INFO  : 'configparams mdm-detect-bscan-mask 2' command is executed.
09:41:54 INFO  : Context for processor 'microblaze_0' is selected.
09:41:54 INFO  : Processor reset is completed for 'microblaze_0'.
09:41:55 INFO  : Context for processor 'microblaze_0' is selected.
09:41:55 INFO  : The application 'D:/1_EE5332/assignment_2/perf_ctr/perf_ctr.sdk/helloworld/Debug/helloworld.elf' is downloaded to processor 'microblaze_0'.
09:41:55 INFO  : 'configparams force-mem-access 0' command is executed.
09:41:55 INFO  : ----------------XSDB Script----------------
connect -url tcp:127.0.0.1:3121
targets -set -nocase -filter {name =~"APU*" && jtag_cable_name =~ "Digilent Zybo Z7 210351A7807CA"} -index 0
loadhw -hw D:/1_EE5332/assignment_2/perf_ctr/perf_ctr.sdk/mb_wrapper_hw_platform_0/system.hdf -mem-ranges [list {0x40000000 0xbfffffff}]
configparams force-mem-access 1
configparams mdm-detect-bscan-mask 2
targets -set -nocase -filter {name =~ "microblaze*#0" && bscan=="USER2"  && jtag_cable_name =~ "Digilent Zybo Z7 210351A7807CA"} -index 1
rst -processor
targets -set -nocase -filter {name =~ "microblaze*#0" && bscan=="USER2"  && jtag_cable_name =~ "Digilent Zybo Z7 210351A7807CA"} -index 1
dow D:/1_EE5332/assignment_2/perf_ctr/perf_ctr.sdk/helloworld/Debug/helloworld.elf
configparams force-mem-access 0
----------------End of Script----------------

09:41:55 INFO  : Memory regions updated for context MicroBlaze #0
09:41:55 INFO  : Memory regions updated for context MicroBlaze Debug Module at USER2
09:41:56 INFO  : Context for processor 'microblaze_0' is selected.
09:41:56 INFO  : 'con' command is executed.
09:41:56 INFO  : ----------------XSDB Script (After Launch)----------------
targets -set -nocase -filter {name =~ "microblaze*#0" && bscan=="USER2"  && jtag_cable_name =~ "Digilent Zybo Z7 210351A7807CA"} -index 1
con
----------------End of Script----------------

09:41:56 INFO  : Launch script is exported to file 'D:\1_EE5332\assignment_2\perf_ctr\perf_ctr.sdk\.sdk\launch_scripts\xilinx_c-c++_application_(system_debugger)\system_debugger_using_debug_helloworld.elf_on_local.tcl'
09:42:25 INFO  : Disconnected from the channel tcfchan#5.
10:56:55 INFO  : Connected to target on host '127.0.0.1' and port '3121'.
10:56:58 INFO  : 'targets -set -filter {jtag_cable_name =~ "Digilent Zybo Z7 210351A7807CA" && level==0} -index 1' command is executed.
10:56:59 INFO  : FPGA configured successfully with bitstream "D:/1_EE5332/assignment_2/perf_ctr/perf_ctr.sdk/mb_wrapper_hw_platform_0/download.bit"
10:57:21 INFO  : 'targets -set -filter {jtag_cable_name =~ "Digilent Zybo Z7 210351A7807CA" && level==0} -index 1' command is executed.
10:57:21 INFO  : 'fpga -state' command is executed.
10:57:21 INFO  : Connected to target on host '127.0.0.1' and port '3121'.
10:57:22 INFO  : Jtag cable 'Digilent Zybo Z7 210351A7807CA' is selected.
10:57:22 INFO  : 'jtag frequency' command is executed.
10:57:22 INFO  : Context for 'APU' is selected.
10:57:22 INFO  : Hardware design information is loaded from 'D:/1_EE5332/assignment_2/perf_ctr/perf_ctr.sdk/mb_wrapper_hw_platform_0/system.hdf'.
10:57:22 INFO  : 'configparams force-mem-access 1' command is executed.
10:57:22 INFO  : 'configparams mdm-detect-bscan-mask 2' command is executed.
10:57:22 INFO  : Context for processor 'microblaze_0' is selected.
10:57:22 INFO  : Processor reset is completed for 'microblaze_0'.
10:57:22 INFO  : Context for processor 'microblaze_0' is selected.
10:57:22 INFO  : The application 'D:/1_EE5332/assignment_2/perf_ctr/perf_ctr.sdk/fft_perf/Debug/fft_perf.elf' is downloaded to processor 'microblaze_0'.
10:57:22 INFO  : 'configparams force-mem-access 0' command is executed.
10:57:22 INFO  : ----------------XSDB Script----------------
connect -url tcp:127.0.0.1:3121
targets -set -nocase -filter {name =~"APU*" && jtag_cable_name =~ "Digilent Zybo Z7 210351A7807CA"} -index 0
loadhw -hw D:/1_EE5332/assignment_2/perf_ctr/perf_ctr.sdk/mb_wrapper_hw_platform_0/system.hdf -mem-ranges [list {0x40000000 0xbfffffff}]
configparams force-mem-access 1
configparams mdm-detect-bscan-mask 2
targets -set -nocase -filter {name =~ "microblaze*#0" && bscan=="USER2"  && jtag_cable_name =~ "Digilent Zybo Z7 210351A7807CA"} -index 1
rst -processor
targets -set -nocase -filter {name =~ "microblaze*#0" && bscan=="USER2"  && jtag_cable_name =~ "Digilent Zybo Z7 210351A7807CA"} -index 1
dow D:/1_EE5332/assignment_2/perf_ctr/perf_ctr.sdk/fft_perf/Debug/fft_perf.elf
configparams force-mem-access 0
----------------End of Script----------------

10:57:22 INFO  : Memory regions updated for context MicroBlaze #0
10:57:22 INFO  : Memory regions updated for context MicroBlaze Debug Module at USER2
10:57:23 INFO  : Context for processor 'microblaze_0' is selected.
10:57:23 INFO  : 'con' command is executed.
10:57:23 INFO  : ----------------XSDB Script (After Launch)----------------
targets -set -nocase -filter {name =~ "microblaze*#0" && bscan=="USER2"  && jtag_cable_name =~ "Digilent Zybo Z7 210351A7807CA"} -index 1
con
----------------End of Script----------------

10:57:23 INFO  : Launch script is exported to file 'D:\1_EE5332\assignment_2\perf_ctr\perf_ctr.sdk\.sdk\launch_scripts\xilinx_c-c++_application_(system_debugger)\system_debugger_using_debug_fft_perf.elf_on_local.tcl'
10:57:36 INFO  : Disconnected from the channel tcfchan#6.
13:57:15 INFO  : Registering command handlers for SDK TCF services
13:57:18 INFO  : Launching XSCT server: xsct.bat -interactive D:\1_EE5332\assignment_2\perf_ctr\perf_ctr.sdk\temp_xsdb_launch_script.tcl
13:57:24 INFO  : XSCT server has started successfully.
13:57:30 INFO  : Successfully done setting XSCT server connection channel  
13:57:30 INFO  : Successfully done setting SDK workspace  
13:57:30 INFO  : Processing command line option -hwspec D:/1_EE5332/assignment_2/perf_ctr/perf_ctr.sdk/mb_wrapper.hdf.
13:57:30 INFO  : Checking for hwspec changes in the project mb_wrapper_hw_platform_0.
14:00:31 INFO  : Connected to target on host '127.0.0.1' and port '3121'.
14:00:35 INFO  : 'targets -set -filter {jtag_cable_name =~ "Digilent Zybo Z7 210351A7807CA" && level==0} -index 1' command is executed.
14:00:36 INFO  : FPGA configured successfully with bitstream "D:/1_EE5332/assignment_2/perf_ctr/perf_ctr.sdk/mb_wrapper_hw_platform_0/download.bit"
14:01:05 INFO  : 'targets -set -filter {jtag_cable_name =~ "Digilent Zybo Z7 210351A7807CA" && level==0} -index 1' command is executed.
14:01:05 INFO  : 'fpga -state' command is executed.
14:01:05 INFO  : Connected to target on host '127.0.0.1' and port '3121'.
14:01:05 INFO  : Jtag cable 'Digilent Zybo Z7 210351A7807CA' is selected.
14:01:05 INFO  : 'jtag frequency' command is executed.
14:01:05 INFO  : Context for 'APU' is selected.
14:01:05 INFO  : Hardware design information is loaded from 'D:/1_EE5332/assignment_2/perf_ctr/perf_ctr.sdk/mb_wrapper_hw_platform_0/system.hdf'.
14:01:05 INFO  : 'configparams force-mem-access 1' command is executed.
14:01:05 INFO  : 'configparams mdm-detect-bscan-mask 2' command is executed.
14:01:05 INFO  : Context for processor 'microblaze_0' is selected.
14:01:05 INFO  : Processor reset is completed for 'microblaze_0'.
14:01:06 INFO  : Context for processor 'microblaze_0' is selected.
14:01:06 INFO  : The application 'D:/1_EE5332/assignment_2/perf_ctr/perf_ctr.sdk/fft_perf/Debug/fft_perf.elf' is downloaded to processor 'microblaze_0'.
14:01:06 INFO  : 'configparams force-mem-access 0' command is executed.
14:01:06 INFO  : ----------------XSDB Script----------------
connect -url tcp:127.0.0.1:3121
targets -set -nocase -filter {name =~"APU*" && jtag_cable_name =~ "Digilent Zybo Z7 210351A7807CA"} -index 0
loadhw -hw D:/1_EE5332/assignment_2/perf_ctr/perf_ctr.sdk/mb_wrapper_hw_platform_0/system.hdf -mem-ranges [list {0x40000000 0xbfffffff}]
configparams force-mem-access 1
configparams mdm-detect-bscan-mask 2
targets -set -nocase -filter {name =~ "microblaze*#0" && bscan=="USER2"  && jtag_cable_name =~ "Digilent Zybo Z7 210351A7807CA"} -index 1
rst -processor
targets -set -nocase -filter {name =~ "microblaze*#0" && bscan=="USER2"  && jtag_cable_name =~ "Digilent Zybo Z7 210351A7807CA"} -index 1
dow D:/1_EE5332/assignment_2/perf_ctr/perf_ctr.sdk/fft_perf/Debug/fft_perf.elf
configparams force-mem-access 0
----------------End of Script----------------

14:01:06 INFO  : Memory regions updated for context MicroBlaze #0
14:01:06 INFO  : Memory regions updated for context MicroBlaze Debug Module at USER2
14:01:06 INFO  : Context for processor 'microblaze_0' is selected.
14:01:06 INFO  : 'con' command is executed.
14:01:06 INFO  : ----------------XSDB Script (After Launch)----------------
targets -set -nocase -filter {name =~ "microblaze*#0" && bscan=="USER2"  && jtag_cable_name =~ "Digilent Zybo Z7 210351A7807CA"} -index 1
con
----------------End of Script----------------

14:01:06 INFO  : Launch script is exported to file 'D:\1_EE5332\assignment_2\perf_ctr\perf_ctr.sdk\.sdk\launch_scripts\xilinx_c-c++_application_(system_debugger)\system_debugger_using_debug_fft_perf.elf_on_local.tcl'
14:01:32 INFO  : Disconnected from the channel tcfchan#1.
14:02:16 INFO  : 'targets -set -filter {jtag_cable_name =~ "Digilent Zybo Z7 210351A7807CA" && level==0} -index 1' command is executed.
14:02:17 INFO  : 'fpga -state' command is executed.
14:02:17 INFO  : Connected to target on host '127.0.0.1' and port '3121'.
14:02:17 INFO  : Jtag cable 'Digilent Zybo Z7 210351A7807CA' is selected.
14:02:17 INFO  : 'jtag frequency' command is executed.
14:02:18 INFO  : Context for 'APU' is selected.
14:02:18 INFO  : Hardware design information is loaded from 'D:/1_EE5332/assignment_2/perf_ctr/perf_ctr.sdk/mb_wrapper_hw_platform_0/system.hdf'.
14:02:18 INFO  : 'configparams force-mem-access 1' command is executed.
14:02:18 INFO  : 'configparams mdm-detect-bscan-mask 2' command is executed.
14:02:18 INFO  : Context for processor 'microblaze_0' is selected.
14:02:18 INFO  : Processor reset is completed for 'microblaze_0'.
14:02:18 INFO  : Context for processor 'microblaze_0' is selected.
14:02:19 INFO  : The application 'D:/1_EE5332/assignment_2/perf_ctr/perf_ctr.sdk/helloworld/Debug/helloworld.elf' is downloaded to processor 'microblaze_0'.
14:02:19 INFO  : 'configparams force-mem-access 0' command is executed.
14:02:19 INFO  : ----------------XSDB Script----------------
connect -url tcp:127.0.0.1:3121
targets -set -nocase -filter {name =~"APU*" && jtag_cable_name =~ "Digilent Zybo Z7 210351A7807CA"} -index 0
loadhw -hw D:/1_EE5332/assignment_2/perf_ctr/perf_ctr.sdk/mb_wrapper_hw_platform_0/system.hdf -mem-ranges [list {0x40000000 0xbfffffff}]
configparams force-mem-access 1
configparams mdm-detect-bscan-mask 2
targets -set -nocase -filter {name =~ "microblaze*#0" && bscan=="USER2"  && jtag_cable_name =~ "Digilent Zybo Z7 210351A7807CA"} -index 1
rst -processor
targets -set -nocase -filter {name =~ "microblaze*#0" && bscan=="USER2"  && jtag_cable_name =~ "Digilent Zybo Z7 210351A7807CA"} -index 1
dow D:/1_EE5332/assignment_2/perf_ctr/perf_ctr.sdk/helloworld/Debug/helloworld.elf
configparams force-mem-access 0
----------------End of Script----------------

14:02:19 INFO  : Memory regions updated for context MicroBlaze #0
14:02:19 INFO  : Memory regions updated for context MicroBlaze Debug Module at USER2
14:02:20 INFO  : Context for processor 'microblaze_0' is selected.
14:02:20 INFO  : 'con' command is executed.
14:02:20 INFO  : ----------------XSDB Script (After Launch)----------------
targets -set -nocase -filter {name =~ "microblaze*#0" && bscan=="USER2"  && jtag_cable_name =~ "Digilent Zybo Z7 210351A7807CA"} -index 1
con
----------------End of Script----------------

14:02:20 INFO  : Launch script is exported to file 'D:\1_EE5332\assignment_2\perf_ctr\perf_ctr.sdk\.sdk\launch_scripts\xilinx_c-c++_application_(system_debugger)\system_debugger_using_debug_helloworld.elf_on_local.tcl'
14:02:32 INFO  : Disconnected from the channel tcfchan#2.
14:02:52 INFO  : 'targets -set -filter {jtag_cable_name =~ "Digilent Zybo Z7 210351A7807CA" && level==0} -index 1' command is executed.
14:02:52 INFO  : 'fpga -state' command is executed.
14:02:52 INFO  : Connected to target on host '127.0.0.1' and port '3121'.
14:02:52 INFO  : Jtag cable 'Digilent Zybo Z7 210351A7807CA' is selected.
14:02:52 INFO  : 'jtag frequency' command is executed.
14:02:53 INFO  : Context for 'APU' is selected.
14:02:53 INFO  : Hardware design information is loaded from 'D:/1_EE5332/assignment_2/perf_ctr/perf_ctr.sdk/mb_wrapper_hw_platform_0/system.hdf'.
14:02:53 INFO  : 'configparams force-mem-access 1' command is executed.
14:02:53 INFO  : 'configparams mdm-detect-bscan-mask 2' command is executed.
14:02:53 INFO  : Context for processor 'microblaze_0' is selected.
14:02:53 INFO  : Processor reset is completed for 'microblaze_0'.
14:02:54 INFO  : Context for processor 'microblaze_0' is selected.
14:02:54 INFO  : The application 'D:/1_EE5332/assignment_2/perf_ctr/perf_ctr.sdk/fft_perf/Debug/fft_perf.elf' is downloaded to processor 'microblaze_0'.
14:02:54 INFO  : 'configparams force-mem-access 0' command is executed.
14:02:54 INFO  : ----------------XSDB Script----------------
connect -url tcp:127.0.0.1:3121
targets -set -nocase -filter {name =~"APU*" && jtag_cable_name =~ "Digilent Zybo Z7 210351A7807CA"} -index 0
loadhw -hw D:/1_EE5332/assignment_2/perf_ctr/perf_ctr.sdk/mb_wrapper_hw_platform_0/system.hdf -mem-ranges [list {0x40000000 0xbfffffff}]
configparams force-mem-access 1
configparams mdm-detect-bscan-mask 2
targets -set -nocase -filter {name =~ "microblaze*#0" && bscan=="USER2"  && jtag_cable_name =~ "Digilent Zybo Z7 210351A7807CA"} -index 1
rst -processor
targets -set -nocase -filter {name =~ "microblaze*#0" && bscan=="USER2"  && jtag_cable_name =~ "Digilent Zybo Z7 210351A7807CA"} -index 1
dow D:/1_EE5332/assignment_2/perf_ctr/perf_ctr.sdk/fft_perf/Debug/fft_perf.elf
configparams force-mem-access 0
----------------End of Script----------------

14:02:54 INFO  : Memory regions updated for context MicroBlaze #0
14:02:54 INFO  : Memory regions updated for context MicroBlaze Debug Module at USER2
14:02:55 INFO  : Context for processor 'microblaze_0' is selected.
14:02:55 INFO  : 'con' command is executed.
14:02:55 INFO  : ----------------XSDB Script (After Launch)----------------
targets -set -nocase -filter {name =~ "microblaze*#0" && bscan=="USER2"  && jtag_cable_name =~ "Digilent Zybo Z7 210351A7807CA"} -index 1
con
----------------End of Script----------------

14:02:55 INFO  : Launch script is exported to file 'D:\1_EE5332\assignment_2\perf_ctr\perf_ctr.sdk\.sdk\launch_scripts\xilinx_c-c++_application_(system_debugger)\system_debugger_using_debug_fft_perf.elf_on_local.tcl'
14:03:09 INFO  : Disconnected from the channel tcfchan#3.
14:23:25 INFO  : 'targets -set -filter {jtag_cable_name =~ "Digilent Zybo Z7 210351A7807CA" && level==0} -index 1' command is executed.
14:23:25 INFO  : 'fpga -state' command is executed.
14:23:25 INFO  : Connected to target on host '127.0.0.1' and port '3121'.
14:23:25 INFO  : Jtag cable 'Digilent Zybo Z7 210351A7807CA' is selected.
14:23:25 INFO  : 'jtag frequency' command is executed.
14:23:26 INFO  : Context for 'APU' is selected.
14:23:26 INFO  : Hardware design information is loaded from 'D:/1_EE5332/assignment_2/perf_ctr/perf_ctr.sdk/mb_wrapper_hw_platform_0/system.hdf'.
14:23:26 INFO  : 'configparams force-mem-access 1' command is executed.
14:23:26 INFO  : 'configparams mdm-detect-bscan-mask 2' command is executed.
14:23:26 INFO  : Context for processor 'microblaze_0' is selected.
14:23:27 INFO  : Processor reset is completed for 'microblaze_0'.
14:23:27 INFO  : Context for processor 'microblaze_0' is selected.
14:23:28 INFO  : The application 'D:/1_EE5332/assignment_2/perf_ctr/perf_ctr.sdk/fft_perf/Debug/fft_perf.elf' is downloaded to processor 'microblaze_0'.
14:23:28 INFO  : 'configparams force-mem-access 0' command is executed.
14:23:28 INFO  : ----------------XSDB Script----------------
connect -url tcp:127.0.0.1:3121
targets -set -nocase -filter {name =~"APU*" && jtag_cable_name =~ "Digilent Zybo Z7 210351A7807CA"} -index 0
loadhw -hw D:/1_EE5332/assignment_2/perf_ctr/perf_ctr.sdk/mb_wrapper_hw_platform_0/system.hdf -mem-ranges [list {0x40000000 0xbfffffff}]
configparams force-mem-access 1
configparams mdm-detect-bscan-mask 2
targets -set -nocase -filter {name =~ "microblaze*#0" && bscan=="USER2"  && jtag_cable_name =~ "Digilent Zybo Z7 210351A7807CA"} -index 1
rst -processor
targets -set -nocase -filter {name =~ "microblaze*#0" && bscan=="USER2"  && jtag_cable_name =~ "Digilent Zybo Z7 210351A7807CA"} -index 1
dow D:/1_EE5332/assignment_2/perf_ctr/perf_ctr.sdk/fft_perf/Debug/fft_perf.elf
configparams force-mem-access 0
----------------End of Script----------------

14:23:28 INFO  : Memory regions updated for context MicroBlaze #0
14:23:28 INFO  : Memory regions updated for context MicroBlaze Debug Module at USER2
14:23:29 INFO  : Context for processor 'microblaze_0' is selected.
14:23:29 INFO  : 'con' command is executed.
14:23:29 INFO  : ----------------XSDB Script (After Launch)----------------
targets -set -nocase -filter {name =~ "microblaze*#0" && bscan=="USER2"  && jtag_cable_name =~ "Digilent Zybo Z7 210351A7807CA"} -index 1
con
----------------End of Script----------------

14:23:29 INFO  : Launch script is exported to file 'D:\1_EE5332\assignment_2\perf_ctr\perf_ctr.sdk\.sdk\launch_scripts\xilinx_c-c++_application_(system_debugger)\system_debugger_using_debug_fft_perf.elf_on_local.tcl'
14:34:51 INFO  : Disconnected from the channel tcfchan#4.
